;  LST file generated by mikroListExporter - v.2.0 
; Date/Time: 01/02/2020 10:40:28
;----------------------------------------------

;Address Opcode 	ASM
0x0000	0x2803      	GOTO       3
_main:
;Giroflex2020.c,21 :: 		void main() {
;Giroflex2020.c,23 :: 		CMCON = 0b00000111;
0x0003	0x3007      	MOVLW      7
0x0004	0x1283      	BCF        STATUS, 5
0x0005	0x1303      	BCF        STATUS, 6
0x0006	0x009F      	MOVWF      CMCON
;Giroflex2020.c,24 :: 		TRISA = 0b00100000;        //0 COMO SAIDA 1 como entrada
0x0007	0x3020      	MOVLW      32
0x0008	0x1683      	BSF        STATUS, 5
0x0009	0x0085      	MOVWF      TRISA
;Giroflex2020.c,25 :: 		TRISB = 0b00100100;        //0 COMO SAIDA 1 como entrada
0x000A	0x3024      	MOVLW      36
0x000B	0x0086      	MOVWF      TRISB
;Giroflex2020.c,27 :: 		PORTA = 0;
0x000C	0x1283      	BCF        STATUS, 5
0x000D	0x0185      	CLRF       PORTA
;Giroflex2020.c,28 :: 		PORTB = 0;
0x000E	0x0186      	CLRF       PORTB
;Giroflex2020.c,30 :: 		while (1){
L_main0:
;Giroflex2020.c,32 :: 		if (efeitopb == 0){
0x000F	0x1906      	BTFSC      RB2_bit, BitPos(RB2_bit+0)
0x0010	0x2889      	GOTO       L_main2
;Giroflex2020.c,33 :: 		for(a = 0;a < 3; a++){
0x0011	0x01A0      	CLRF       _a
0x0012	0x01A1      	CLRF       _a+1
L_main3:
0x0013	0x3080      	MOVLW      128
0x0014	0x0621      	XORWF      _a+1, 0
0x0015	0x00F0      	MOVWF      R0
0x0016	0x3080      	MOVLW      128
0x0017	0x0270      	SUBWF      R0, 0
0x0018	0x1D03      	BTFSS      STATUS, 2
0x0019	0x281C      	GOTO       L__main56
0x001A	0x3003      	MOVLW      3
0x001B	0x0220      	SUBWF      _a, 0
L__main56:
0x001C	0x1803      	BTFSC      STATUS, 0
0x001D	0x284D      	GOTO       L_main4
;Giroflex2020.c,34 :: 		s1 = 1;
0x001E	0x1505      	BSF        RA2_bit, BitPos(RA2_bit+0)
;Giroflex2020.c,35 :: 		s2 = 1;
0x001F	0x1585      	BSF        RA3_bit, BitPos(RA3_bit+0)
;Giroflex2020.c,36 :: 		s3 = 1;
0x0020	0x1605      	BSF        RA4_bit, BitPos(RA4_bit+0)
;Giroflex2020.c,37 :: 		s4 = 1;
0x0021	0x1586      	BSF        RB3_bit, BitPos(RB3_bit+0)
;Giroflex2020.c,38 :: 		s5 = 0;
0x0022	0x1006      	BCF        RB0_bit, BitPos(RB0_bit+0)
;Giroflex2020.c,39 :: 		s6 = 0;
0x0023	0x1086      	BCF        RB1_bit, BitPos(RB1_bit+0)
;Giroflex2020.c,40 :: 		s7 = 0;
0x0024	0x1306      	BCF        RB6_bit, BitPos(RB6_bit+0)
;Giroflex2020.c,41 :: 		s8 = 0;
0x0025	0x1386      	BCF        RB7_bit, BitPos(RB7_bit+0)
;Giroflex2020.c,42 :: 		s9 = 0;
0x0026	0x1305      	BCF        RA6_bit, BitPos(RA6_bit+0)
;Giroflex2020.c,43 :: 		s10 = 0;
0x0027	0x1385      	BCF        RA7_bit, BitPos(RA7_bit+0)
;Giroflex2020.c,44 :: 		s11 = 0;
0x0028	0x1005      	BCF        RA0_bit, BitPos(RA0_bit+0)
;Giroflex2020.c,45 :: 		s12 = 0;
0x0029	0x1085      	BCF        RA1_bit, BitPos(RA1_bit+0)
;Giroflex2020.c,46 :: 		delay_ms(100);
0x002A	0x3082      	MOVLW      130
0x002B	0x00FC      	MOVWF      R12
0x002C	0x30DD      	MOVLW      221
0x002D	0x00FD      	MOVWF      R13
L_main6:
0x002E	0x0BFD      	DECFSZ     R13, 1
0x002F	0x282E      	GOTO       L_main6
0x0030	0x0BFC      	DECFSZ     R12, 1
0x0031	0x282E      	GOTO       L_main6
0x0032	0x0000      	NOP
0x0033	0x0000      	NOP
;Giroflex2020.c,47 :: 		s1 = 0;
0x0034	0x1105      	BCF        RA2_bit, BitPos(RA2_bit+0)
;Giroflex2020.c,48 :: 		s2 = 0;
0x0035	0x1185      	BCF        RA3_bit, BitPos(RA3_bit+0)
;Giroflex2020.c,49 :: 		s3 = 0;
0x0036	0x1205      	BCF        RA4_bit, BitPos(RA4_bit+0)
;Giroflex2020.c,50 :: 		s4 = 0;
0x0037	0x1186      	BCF        RB3_bit, BitPos(RB3_bit+0)
;Giroflex2020.c,51 :: 		s5 = 0;
0x0038	0x1006      	BCF        RB0_bit, BitPos(RB0_bit+0)
;Giroflex2020.c,52 :: 		s6 = 0;
0x0039	0x1086      	BCF        RB1_bit, BitPos(RB1_bit+0)
;Giroflex2020.c,53 :: 		s7 = 0;
0x003A	0x1306      	BCF        RB6_bit, BitPos(RB6_bit+0)
;Giroflex2020.c,54 :: 		s8 = 0;
0x003B	0x1386      	BCF        RB7_bit, BitPos(RB7_bit+0)
;Giroflex2020.c,55 :: 		s9 = 0;
0x003C	0x1305      	BCF        RA6_bit, BitPos(RA6_bit+0)
;Giroflex2020.c,56 :: 		s10 = 0;
0x003D	0x1385      	BCF        RA7_bit, BitPos(RA7_bit+0)
;Giroflex2020.c,57 :: 		s11 = 0;
0x003E	0x1005      	BCF        RA0_bit, BitPos(RA0_bit+0)
;Giroflex2020.c,58 :: 		s12 = 0;
0x003F	0x1085      	BCF        RA1_bit, BitPos(RA1_bit+0)
;Giroflex2020.c,59 :: 		delay_ms(80);
0x0040	0x3068      	MOVLW      104
0x0041	0x00FC      	MOVWF      R12
0x0042	0x30E4      	MOVLW      228
0x0043	0x00FD      	MOVWF      R13
L_main7:
0x0044	0x0BFD      	DECFSZ     R13, 1
0x0045	0x2844      	GOTO       L_main7
0x0046	0x0BFC      	DECFSZ     R12, 1
0x0047	0x2844      	GOTO       L_main7
0x0048	0x0000      	NOP
;Giroflex2020.c,33 :: 		for(a = 0;a < 3; a++){
0x0049	0x0AA0      	INCF       _a, 1
0x004A	0x1903      	BTFSC      STATUS, 2
0x004B	0x0AA1      	INCF       _a+1, 1
;Giroflex2020.c,60 :: 		}//end for
0x004C	0x2813      	GOTO       L_main3
L_main4:
;Giroflex2020.c,62 :: 		for(a = 0;a < 3; a++){
0x004D	0x01A0      	CLRF       _a
0x004E	0x01A1      	CLRF       _a+1
L_main8:
0x004F	0x3080      	MOVLW      128
0x0050	0x0621      	XORWF      _a+1, 0
0x0051	0x00F0      	MOVWF      R0
0x0052	0x3080      	MOVLW      128
0x0053	0x0270      	SUBWF      R0, 0
0x0054	0x1D03      	BTFSS      STATUS, 2
0x0055	0x2858      	GOTO       L__main57
0x0056	0x3003      	MOVLW      3
0x0057	0x0220      	SUBWF      _a, 0
L__main57:
0x0058	0x1803      	BTFSC      STATUS, 0
0x0059	0x2889      	GOTO       L_main9
;Giroflex2020.c,63 :: 		s1 = 0;
0x005A	0x1105      	BCF        RA2_bit, BitPos(RA2_bit+0)
;Giroflex2020.c,64 :: 		s2 = 0;
0x005B	0x1185      	BCF        RA3_bit, BitPos(RA3_bit+0)
;Giroflex2020.c,65 :: 		s3 = 0;
0x005C	0x1205      	BCF        RA4_bit, BitPos(RA4_bit+0)
;Giroflex2020.c,66 :: 		s4 = 0;
0x005D	0x1186      	BCF        RB3_bit, BitPos(RB3_bit+0)
;Giroflex2020.c,67 :: 		s5 = 0;
0x005E	0x1006      	BCF        RB0_bit, BitPos(RB0_bit+0)
;Giroflex2020.c,68 :: 		s6 = 0;
0x005F	0x1086      	BCF        RB1_bit, BitPos(RB1_bit+0)
;Giroflex2020.c,69 :: 		s7 = 0;
0x0060	0x1306      	BCF        RB6_bit, BitPos(RB6_bit+0)
;Giroflex2020.c,70 :: 		s8 = 0;
0x0061	0x1386      	BCF        RB7_bit, BitPos(RB7_bit+0)
;Giroflex2020.c,71 :: 		s9 = 1;
0x0062	0x1705      	BSF        RA6_bit, BitPos(RA6_bit+0)
;Giroflex2020.c,72 :: 		s10 = 1;
0x0063	0x1785      	BSF        RA7_bit, BitPos(RA7_bit+0)
;Giroflex2020.c,73 :: 		s11 = 1;
0x0064	0x1405      	BSF        RA0_bit, BitPos(RA0_bit+0)
;Giroflex2020.c,74 :: 		s12 = 1;
0x0065	0x1485      	BSF        RA1_bit, BitPos(RA1_bit+0)
;Giroflex2020.c,75 :: 		delay_ms(100);
0x0066	0x3082      	MOVLW      130
0x0067	0x00FC      	MOVWF      R12
0x0068	0x30DD      	MOVLW      221
0x0069	0x00FD      	MOVWF      R13
L_main11:
0x006A	0x0BFD      	DECFSZ     R13, 1
0x006B	0x286A      	GOTO       L_main11
0x006C	0x0BFC      	DECFSZ     R12, 1
0x006D	0x286A      	GOTO       L_main11
0x006E	0x0000      	NOP
0x006F	0x0000      	NOP
;Giroflex2020.c,76 :: 		s1 = 0;
0x0070	0x1105      	BCF        RA2_bit, BitPos(RA2_bit+0)
;Giroflex2020.c,77 :: 		s2 = 0;
0x0071	0x1185      	BCF        RA3_bit, BitPos(RA3_bit+0)
;Giroflex2020.c,78 :: 		s3 = 0;
0x0072	0x1205      	BCF        RA4_bit, BitPos(RA4_bit+0)
;Giroflex2020.c,79 :: 		s4 = 0;
0x0073	0x1186      	BCF        RB3_bit, BitPos(RB3_bit+0)
;Giroflex2020.c,80 :: 		s5 = 0;
0x0074	0x1006      	BCF        RB0_bit, BitPos(RB0_bit+0)
;Giroflex2020.c,81 :: 		s6 = 0;
0x0075	0x1086      	BCF        RB1_bit, BitPos(RB1_bit+0)
;Giroflex2020.c,82 :: 		s7 = 0;
0x0076	0x1306      	BCF        RB6_bit, BitPos(RB6_bit+0)
;Giroflex2020.c,83 :: 		s8 = 0;
0x0077	0x1386      	BCF        RB7_bit, BitPos(RB7_bit+0)
;Giroflex2020.c,84 :: 		s9 = 0;
0x0078	0x1305      	BCF        RA6_bit, BitPos(RA6_bit+0)
;Giroflex2020.c,85 :: 		s10 = 0;
0x0079	0x1385      	BCF        RA7_bit, BitPos(RA7_bit+0)
;Giroflex2020.c,86 :: 		s11 = 0;
0x007A	0x1005      	BCF        RA0_bit, BitPos(RA0_bit+0)
;Giroflex2020.c,87 :: 		s12 = 0;
0x007B	0x1085      	BCF        RA1_bit, BitPos(RA1_bit+0)
;Giroflex2020.c,88 :: 		delay_ms(80);
0x007C	0x3068      	MOVLW      104
0x007D	0x00FC      	MOVWF      R12
0x007E	0x30E4      	MOVLW      228
0x007F	0x00FD      	MOVWF      R13
L_main12:
0x0080	0x0BFD      	DECFSZ     R13, 1
0x0081	0x2880      	GOTO       L_main12
0x0082	0x0BFC      	DECFSZ     R12, 1
0x0083	0x2880      	GOTO       L_main12
0x0084	0x0000      	NOP
;Giroflex2020.c,62 :: 		for(a = 0;a < 3; a++){
0x0085	0x0AA0      	INCF       _a, 1
0x0086	0x1903      	BTFSC      STATUS, 2
0x0087	0x0AA1      	INCF       _a+1, 1
;Giroflex2020.c,89 :: 		}//end for
0x0088	0x284F      	GOTO       L_main8
L_main9:
;Giroflex2020.c,90 :: 		}//end if
L_main2:
;Giroflex2020.c,92 :: 		if (efeitoptrm == 0){
0x0089	0x1A85      	BTFSC      RA5_bit, BitPos(RA5_bit+0)
0x008A	0x2B79      	GOTO       L_main13
;Giroflex2020.c,93 :: 		s1 = 0;
0x008B	0x1105      	BCF        RA2_bit, BitPos(RA2_bit+0)
;Giroflex2020.c,94 :: 		s2 = 0;
0x008C	0x1185      	BCF        RA3_bit, BitPos(RA3_bit+0)
;Giroflex2020.c,95 :: 		s3 = 0;
0x008D	0x1205      	BCF        RA4_bit, BitPos(RA4_bit+0)
;Giroflex2020.c,96 :: 		s4 = 0;
0x008E	0x1186      	BCF        RB3_bit, BitPos(RB3_bit+0)
;Giroflex2020.c,97 :: 		s5 = 0;
0x008F	0x1006      	BCF        RB0_bit, BitPos(RB0_bit+0)
;Giroflex2020.c,98 :: 		s6 = 0;
0x0090	0x1086      	BCF        RB1_bit, BitPos(RB1_bit+0)
;Giroflex2020.c,99 :: 		s7 = 0;
0x0091	0x1306      	BCF        RB6_bit, BitPos(RB6_bit+0)
;Giroflex2020.c,100 :: 		s8 = 0;
0x0092	0x1386      	BCF        RB7_bit, BitPos(RB7_bit+0)
;Giroflex2020.c,101 :: 		s9 = 0;
0x0093	0x1305      	BCF        RA6_bit, BitPos(RA6_bit+0)
;Giroflex2020.c,102 :: 		s10 = 0;
0x0094	0x1385      	BCF        RA7_bit, BitPos(RA7_bit+0)
;Giroflex2020.c,103 :: 		s11 = 0;
0x0095	0x1005      	BCF        RA0_bit, BitPos(RA0_bit+0)
;Giroflex2020.c,104 :: 		s12 = 0;
0x0096	0x1085      	BCF        RA1_bit, BitPos(RA1_bit+0)
;Giroflex2020.c,105 :: 		delay_ms(200);
0x0097	0x3002      	MOVLW      2
0x0098	0x00FB      	MOVWF      R11
0x0099	0x3004      	MOVLW      4
0x009A	0x00FC      	MOVWF      R12
0x009B	0x30BA      	MOVLW      186
0x009C	0x00FD      	MOVWF      R13
L_main14:
0x009D	0x0BFD      	DECFSZ     R13, 1
0x009E	0x289D      	GOTO       L_main14
0x009F	0x0BFC      	DECFSZ     R12, 1
0x00A0	0x289D      	GOTO       L_main14
0x00A1	0x0BFB      	DECFSZ     R11, 1
0x00A2	0x289D      	GOTO       L_main14
0x00A3	0x0000      	NOP
;Giroflex2020.c,106 :: 		s1 = 1;
0x00A4	0x1505      	BSF        RA2_bit, BitPos(RA2_bit+0)
;Giroflex2020.c,107 :: 		s2 = 0;
0x00A5	0x1185      	BCF        RA3_bit, BitPos(RA3_bit+0)
;Giroflex2020.c,108 :: 		s3 = 0;
0x00A6	0x1205      	BCF        RA4_bit, BitPos(RA4_bit+0)
;Giroflex2020.c,109 :: 		s4 = 0;
0x00A7	0x1186      	BCF        RB3_bit, BitPos(RB3_bit+0)
;Giroflex2020.c,110 :: 		s5 = 0;
0x00A8	0x1006      	BCF        RB0_bit, BitPos(RB0_bit+0)
;Giroflex2020.c,111 :: 		s6 = 0;
0x00A9	0x1086      	BCF        RB1_bit, BitPos(RB1_bit+0)
;Giroflex2020.c,112 :: 		s7 = 0;
0x00AA	0x1306      	BCF        RB6_bit, BitPos(RB6_bit+0)
;Giroflex2020.c,113 :: 		s8 = 0;
0x00AB	0x1386      	BCF        RB7_bit, BitPos(RB7_bit+0)
;Giroflex2020.c,114 :: 		s9 = 0;
0x00AC	0x1305      	BCF        RA6_bit, BitPos(RA6_bit+0)
;Giroflex2020.c,115 :: 		s10 = 0;
0x00AD	0x1385      	BCF        RA7_bit, BitPos(RA7_bit+0)
;Giroflex2020.c,116 :: 		s11 = 0;
0x00AE	0x1005      	BCF        RA0_bit, BitPos(RA0_bit+0)
;Giroflex2020.c,117 :: 		s12 = 0;
0x00AF	0x1085      	BCF        RA1_bit, BitPos(RA1_bit+0)
;Giroflex2020.c,118 :: 		delay_ms(200);
0x00B0	0x3002      	MOVLW      2
0x00B1	0x00FB      	MOVWF      R11
0x00B2	0x3004      	MOVLW      4
0x00B3	0x00FC      	MOVWF      R12
0x00B4	0x30BA      	MOVLW      186
0x00B5	0x00FD      	MOVWF      R13
L_main15:
0x00B6	0x0BFD      	DECFSZ     R13, 1
0x00B7	0x28B6      	GOTO       L_main15
0x00B8	0x0BFC      	DECFSZ     R12, 1
0x00B9	0x28B6      	GOTO       L_main15
0x00BA	0x0BFB      	DECFSZ     R11, 1
0x00BB	0x28B6      	GOTO       L_main15
0x00BC	0x0000      	NOP
;Giroflex2020.c,119 :: 		s1 = 1;
0x00BD	0x1505      	BSF        RA2_bit, BitPos(RA2_bit+0)
;Giroflex2020.c,120 :: 		s2 = 1;
0x00BE	0x1585      	BSF        RA3_bit, BitPos(RA3_bit+0)
;Giroflex2020.c,121 :: 		s3 = 0;
0x00BF	0x1205      	BCF        RA4_bit, BitPos(RA4_bit+0)
;Giroflex2020.c,122 :: 		s4 = 0;
0x00C0	0x1186      	BCF        RB3_bit, BitPos(RB3_bit+0)
;Giroflex2020.c,123 :: 		s5 = 0;
0x00C1	0x1006      	BCF        RB0_bit, BitPos(RB0_bit+0)
;Giroflex2020.c,124 :: 		s6 = 0;
0x00C2	0x1086      	BCF        RB1_bit, BitPos(RB1_bit+0)
;Giroflex2020.c,125 :: 		s7 = 0;
0x00C3	0x1306      	BCF        RB6_bit, BitPos(RB6_bit+0)
;Giroflex2020.c,126 :: 		s8 = 0;
0x00C4	0x1386      	BCF        RB7_bit, BitPos(RB7_bit+0)
;Giroflex2020.c,127 :: 		s9 = 0;
0x00C5	0x1305      	BCF        RA6_bit, BitPos(RA6_bit+0)
;Giroflex2020.c,128 :: 		s10 = 0;
0x00C6	0x1385      	BCF        RA7_bit, BitPos(RA7_bit+0)
;Giroflex2020.c,129 :: 		s11 = 0;
0x00C7	0x1005      	BCF        RA0_bit, BitPos(RA0_bit+0)
;Giroflex2020.c,130 :: 		s12 = 0;
0x00C8	0x1085      	BCF        RA1_bit, BitPos(RA1_bit+0)
;Giroflex2020.c,131 :: 		delay_ms(200);
0x00C9	0x3002      	MOVLW      2
0x00CA	0x00FB      	MOVWF      R11
0x00CB	0x3004      	MOVLW      4
0x00CC	0x00FC      	MOVWF      R12
0x00CD	0x30BA      	MOVLW      186
0x00CE	0x00FD      	MOVWF      R13
L_main16:
0x00CF	0x0BFD      	DECFSZ     R13, 1
0x00D0	0x28CF      	GOTO       L_main16
0x00D1	0x0BFC      	DECFSZ     R12, 1
0x00D2	0x28CF      	GOTO       L_main16
0x00D3	0x0BFB      	DECFSZ     R11, 1
0x00D4	0x28CF      	GOTO       L_main16
0x00D5	0x0000      	NOP
;Giroflex2020.c,132 :: 		s1 = 1;
0x00D6	0x1505      	BSF        RA2_bit, BitPos(RA2_bit+0)
;Giroflex2020.c,133 :: 		s2 = 1;
0x00D7	0x1585      	BSF        RA3_bit, BitPos(RA3_bit+0)
;Giroflex2020.c,134 :: 		s3 = 1;
0x00D8	0x1605      	BSF        RA4_bit, BitPos(RA4_bit+0)
;Giroflex2020.c,135 :: 		s4 = 0;
0x00D9	0x1186      	BCF        RB3_bit, BitPos(RB3_bit+0)
;Giroflex2020.c,136 :: 		s5 = 0;
0x00DA	0x1006      	BCF        RB0_bit, BitPos(RB0_bit+0)
;Giroflex2020.c,137 :: 		s6 = 0;
0x00DB	0x1086      	BCF        RB1_bit, BitPos(RB1_bit+0)
;Giroflex2020.c,138 :: 		s7 = 0;
0x00DC	0x1306      	BCF        RB6_bit, BitPos(RB6_bit+0)
;Giroflex2020.c,139 :: 		s8 = 0;
0x00DD	0x1386      	BCF        RB7_bit, BitPos(RB7_bit+0)
;Giroflex2020.c,140 :: 		s9 = 0;
0x00DE	0x1305      	BCF        RA6_bit, BitPos(RA6_bit+0)
;Giroflex2020.c,141 :: 		s10 = 0;
0x00DF	0x1385      	BCF        RA7_bit, BitPos(RA7_bit+0)
;Giroflex2020.c,142 :: 		s11 = 0;
0x00E0	0x1005      	BCF        RA0_bit, BitPos(RA0_bit+0)
;Giroflex2020.c,143 :: 		s12 = 0;
0x00E1	0x1085      	BCF        RA1_bit, BitPos(RA1_bit+0)
;Giroflex2020.c,144 :: 		delay_ms(200);
0x00E2	0x3002      	MOVLW      2
0x00E3	0x00FB      	MOVWF      R11
0x00E4	0x3004      	MOVLW      4
0x00E5	0x00FC      	MOVWF      R12
0x00E6	0x30BA      	MOVLW      186
0x00E7	0x00FD      	MOVWF      R13
L_main17:
0x00E8	0x0BFD      	DECFSZ     R13, 1
0x00E9	0x28E8      	GOTO       L_main17
0x00EA	0x0BFC      	DECFSZ     R12, 1
0x00EB	0x28E8      	GOTO       L_main17
0x00EC	0x0BFB      	DECFSZ     R11, 1
0x00ED	0x28E8      	GOTO       L_main17
0x00EE	0x0000      	NOP
;Giroflex2020.c,145 :: 		s1 = 0;
0x00EF	0x1105      	BCF        RA2_bit, BitPos(RA2_bit+0)
;Giroflex2020.c,146 :: 		s2 = 1;
0x00F0	0x1585      	BSF        RA3_bit, BitPos(RA3_bit+0)
;Giroflex2020.c,147 :: 		s3 = 1;
0x00F1	0x1605      	BSF        RA4_bit, BitPos(RA4_bit+0)
;Giroflex2020.c,148 :: 		s4 = 1;
0x00F2	0x1586      	BSF        RB3_bit, BitPos(RB3_bit+0)
;Giroflex2020.c,149 :: 		s5 = 0;
0x00F3	0x1006      	BCF        RB0_bit, BitPos(RB0_bit+0)
;Giroflex2020.c,150 :: 		s6 = 0;
0x00F4	0x1086      	BCF        RB1_bit, BitPos(RB1_bit+0)
;Giroflex2020.c,151 :: 		s7 = 0;
0x00F5	0x1306      	BCF        RB6_bit, BitPos(RB6_bit+0)
;Giroflex2020.c,152 :: 		s8 = 0;
0x00F6	0x1386      	BCF        RB7_bit, BitPos(RB7_bit+0)
;Giroflex2020.c,153 :: 		s9 = 0;
0x00F7	0x1305      	BCF        RA6_bit, BitPos(RA6_bit+0)
;Giroflex2020.c,154 :: 		s10 = 0;
0x00F8	0x1385      	BCF        RA7_bit, BitPos(RA7_bit+0)
;Giroflex2020.c,155 :: 		s11 = 0;
0x00F9	0x1005      	BCF        RA0_bit, BitPos(RA0_bit+0)
;Giroflex2020.c,156 :: 		s12 = 0;
0x00FA	0x1085      	BCF        RA1_bit, BitPos(RA1_bit+0)
;Giroflex2020.c,157 :: 		delay_ms(200);
0x00FB	0x3002      	MOVLW      2
0x00FC	0x00FB      	MOVWF      R11
0x00FD	0x3004      	MOVLW      4
0x00FE	0x00FC      	MOVWF      R12
0x00FF	0x30BA      	MOVLW      186
0x0100	0x00FD      	MOVWF      R13
L_main18:
0x0101	0x0BFD      	DECFSZ     R13, 1
0x0102	0x2901      	GOTO       L_main18
0x0103	0x0BFC      	DECFSZ     R12, 1
0x0104	0x2901      	GOTO       L_main18
0x0105	0x0BFB      	DECFSZ     R11, 1
0x0106	0x2901      	GOTO       L_main18
0x0107	0x0000      	NOP
;Giroflex2020.c,158 :: 		s1 = 0;
0x0108	0x1105      	BCF        RA2_bit, BitPos(RA2_bit+0)
;Giroflex2020.c,159 :: 		s2 = 0;
0x0109	0x1185      	BCF        RA3_bit, BitPos(RA3_bit+0)
;Giroflex2020.c,160 :: 		s3 = 1;
0x010A	0x1605      	BSF        RA4_bit, BitPos(RA4_bit+0)
;Giroflex2020.c,161 :: 		s4 = 1;
0x010B	0x1586      	BSF        RB3_bit, BitPos(RB3_bit+0)
;Giroflex2020.c,162 :: 		s5 = 1;
0x010C	0x1406      	BSF        RB0_bit, BitPos(RB0_bit+0)
;Giroflex2020.c,163 :: 		s6 = 0;
0x010D	0x1086      	BCF        RB1_bit, BitPos(RB1_bit+0)
;Giroflex2020.c,164 :: 		s7 = 0;
0x010E	0x1306      	BCF        RB6_bit, BitPos(RB6_bit+0)
;Giroflex2020.c,165 :: 		s8 = 0;
0x010F	0x1386      	BCF        RB7_bit, BitPos(RB7_bit+0)
;Giroflex2020.c,166 :: 		s9 = 0;
0x0110	0x1305      	BCF        RA6_bit, BitPos(RA6_bit+0)
;Giroflex2020.c,167 :: 		s10 = 0;
0x0111	0x1385      	BCF        RA7_bit, BitPos(RA7_bit+0)
;Giroflex2020.c,168 :: 		s11 = 0;
0x0112	0x1005      	BCF        RA0_bit, BitPos(RA0_bit+0)
;Giroflex2020.c,169 :: 		s12 = 0;
0x0113	0x1085      	BCF        RA1_bit, BitPos(RA1_bit+0)
;Giroflex2020.c,170 :: 		delay_ms(200);
0x0114	0x3002      	MOVLW      2
0x0115	0x00FB      	MOVWF      R11
0x0116	0x3004      	MOVLW      4
0x0117	0x00FC      	MOVWF      R12
0x0118	0x30BA      	MOVLW      186
0x0119	0x00FD      	MOVWF      R13
L_main19:
0x011A	0x0BFD      	DECFSZ     R13, 1
0x011B	0x291A      	GOTO       L_main19
0x011C	0x0BFC      	DECFSZ     R12, 1
0x011D	0x291A      	GOTO       L_main19
0x011E	0x0BFB      	DECFSZ     R11, 1
0x011F	0x291A      	GOTO       L_main19
0x0120	0x0000      	NOP
;Giroflex2020.c,171 :: 		s1 = 0;
0x0121	0x1105      	BCF        RA2_bit, BitPos(RA2_bit+0)
;Giroflex2020.c,172 :: 		s2 = 0;
0x0122	0x1185      	BCF        RA3_bit, BitPos(RA3_bit+0)
;Giroflex2020.c,173 :: 		s3 = 0;
0x0123	0x1205      	BCF        RA4_bit, BitPos(RA4_bit+0)
;Giroflex2020.c,174 :: 		s4 = 1;
0x0124	0x1586      	BSF        RB3_bit, BitPos(RB3_bit+0)
;Giroflex2020.c,175 :: 		s5 = 1;
0x0125	0x1406      	BSF        RB0_bit, BitPos(RB0_bit+0)
;Giroflex2020.c,176 :: 		s6 = 1;
0x0126	0x1486      	BSF        RB1_bit, BitPos(RB1_bit+0)
;Giroflex2020.c,177 :: 		s7 = 0;
0x0127	0x1306      	BCF        RB6_bit, BitPos(RB6_bit+0)
;Giroflex2020.c,178 :: 		s8 = 0;
0x0128	0x1386      	BCF        RB7_bit, BitPos(RB7_bit+0)
;Giroflex2020.c,179 :: 		s9 = 0;
0x0129	0x1305      	BCF        RA6_bit, BitPos(RA6_bit+0)
;Giroflex2020.c,180 :: 		s10 = 0;
0x012A	0x1385      	BCF        RA7_bit, BitPos(RA7_bit+0)
;Giroflex2020.c,181 :: 		s11 = 0;
0x012B	0x1005      	BCF        RA0_bit, BitPos(RA0_bit+0)
;Giroflex2020.c,182 :: 		s12 = 0;
0x012C	0x1085      	BCF        RA1_bit, BitPos(RA1_bit+0)
;Giroflex2020.c,183 :: 		delay_ms(200);
0x012D	0x3002      	MOVLW      2
0x012E	0x00FB      	MOVWF      R11
0x012F	0x3004      	MOVLW      4
0x0130	0x00FC      	MOVWF      R12
0x0131	0x30BA      	MOVLW      186
0x0132	0x00FD      	MOVWF      R13
L_main20:
0x0133	0x0BFD      	DECFSZ     R13, 1
0x0134	0x2933      	GOTO       L_main20
0x0135	0x0BFC      	DECFSZ     R12, 1
0x0136	0x2933      	GOTO       L_main20
0x0137	0x0BFB      	DECFSZ     R11, 1
0x0138	0x2933      	GOTO       L_main20
0x0139	0x0000      	NOP
;Giroflex2020.c,184 :: 		s1 = 0;
0x013A	0x1105      	BCF        RA2_bit, BitPos(RA2_bit+0)
;Giroflex2020.c,185 :: 		s2 = 0;
0x013B	0x1185      	BCF        RA3_bit, BitPos(RA3_bit+0)
;Giroflex2020.c,186 :: 		s3 = 0;
0x013C	0x1205      	BCF        RA4_bit, BitPos(RA4_bit+0)
;Giroflex2020.c,187 :: 		s4 = 0;
0x013D	0x1186      	BCF        RB3_bit, BitPos(RB3_bit+0)
;Giroflex2020.c,188 :: 		s5 = 1;
0x013E	0x1406      	BSF        RB0_bit, BitPos(RB0_bit+0)
;Giroflex2020.c,189 :: 		s6 = 1;
0x013F	0x1486      	BSF        RB1_bit, BitPos(RB1_bit+0)
;Giroflex2020.c,190 :: 		s7 = 1;
0x0140	0x1706      	BSF        RB6_bit, BitPos(RB6_bit+0)
;Giroflex2020.c,191 :: 		s8 = 0;
0x0141	0x1386      	BCF        RB7_bit, BitPos(RB7_bit+0)
;Giroflex2020.c,192 :: 		s9 = 0;
0x0142	0x1305      	BCF        RA6_bit, BitPos(RA6_bit+0)
;Giroflex2020.c,193 :: 		s10 = 0;
0x0143	0x1385      	BCF        RA7_bit, BitPos(RA7_bit+0)
;Giroflex2020.c,194 :: 		s11 = 0;
0x0144	0x1005      	BCF        RA0_bit, BitPos(RA0_bit+0)
;Giroflex2020.c,195 :: 		s12 = 0;
0x0145	0x1085      	BCF        RA1_bit, BitPos(RA1_bit+0)
;Giroflex2020.c,196 :: 		delay_ms(200);
0x0146	0x3002      	MOVLW      2
0x0147	0x00FB      	MOVWF      R11
0x0148	0x3004      	MOVLW      4
0x0149	0x00FC      	MOVWF      R12
0x014A	0x30BA      	MOVLW      186
0x014B	0x00FD      	MOVWF      R13
L_main21:
0x014C	0x0BFD      	DECFSZ     R13, 1
0x014D	0x294C      	GOTO       L_main21
0x014E	0x0BFC      	DECFSZ     R12, 1
0x014F	0x294C      	GOTO       L_main21
0x0150	0x0BFB      	DECFSZ     R11, 1
0x0151	0x294C      	GOTO       L_main21
0x0152	0x0000      	NOP
;Giroflex2020.c,197 :: 		s1 = 0;
0x0153	0x1105      	BCF        RA2_bit, BitPos(RA2_bit+0)
;Giroflex2020.c,198 :: 		s2 = 0;
0x0154	0x1185      	BCF        RA3_bit, BitPos(RA3_bit+0)
;Giroflex2020.c,199 :: 		s3 = 0;
0x0155	0x1205      	BCF        RA4_bit, BitPos(RA4_bit+0)
;Giroflex2020.c,200 :: 		s4 = 0;
0x0156	0x1186      	BCF        RB3_bit, BitPos(RB3_bit+0)
;Giroflex2020.c,201 :: 		s5 = 0;
0x0157	0x1006      	BCF        RB0_bit, BitPos(RB0_bit+0)
;Giroflex2020.c,202 :: 		s6 = 1;
0x0158	0x1486      	BSF        RB1_bit, BitPos(RB1_bit+0)
;Giroflex2020.c,203 :: 		s7 = 1;
0x0159	0x1706      	BSF        RB6_bit, BitPos(RB6_bit+0)
;Giroflex2020.c,204 :: 		s8 = 1;
0x015A	0x1786      	BSF        RB7_bit, BitPos(RB7_bit+0)
;Giroflex2020.c,205 :: 		s9 = 0;
0x015B	0x1305      	BCF        RA6_bit, BitPos(RA6_bit+0)
;Giroflex2020.c,206 :: 		s10 = 0;
0x015C	0x1385      	BCF        RA7_bit, BitPos(RA7_bit+0)
;Giroflex2020.c,207 :: 		s11 = 0;
0x015D	0x1005      	BCF        RA0_bit, BitPos(RA0_bit+0)
;Giroflex2020.c,208 :: 		s12 = 0;
0x015E	0x1085      	BCF        RA1_bit, BitPos(RA1_bit+0)
;Giroflex2020.c,209 :: 		delay_ms(200);
0x015F	0x3002      	MOVLW      2
0x0160	0x00FB      	MOVWF      R11
0x0161	0x3004      	MOVLW      4
0x0162	0x00FC      	MOVWF      R12
0x0163	0x30BA      	MOVLW      186
0x0164	0x00FD      	MOVWF      R13
L_main22:
0x0165	0x0BFD      	DECFSZ     R13, 1
0x0166	0x2965      	GOTO       L_main22
0x0167	0x0BFC      	DECFSZ     R12, 1
0x0168	0x2965      	GOTO       L_main22
0x0169	0x0BFB      	DECFSZ     R11, 1
0x016A	0x2965      	GOTO       L_main22
0x016B	0x0000      	NOP
;Giroflex2020.c,210 :: 		s1 = 0;
0x016C	0x1105      	BCF        RA2_bit, BitPos(RA2_bit+0)
;Giroflex2020.c,211 :: 		s2 = 0;
0x016D	0x1185      	BCF        RA3_bit, BitPos(RA3_bit+0)
;Giroflex2020.c,212 :: 		s3 = 0;
0x016E	0x1205      	BCF        RA4_bit, BitPos(RA4_bit+0)
;Giroflex2020.c,213 :: 		s4 = 0;
0x016F	0x1186      	BCF        RB3_bit, BitPos(RB3_bit+0)
;Giroflex2020.c,214 :: 		s5 = 0;
0x0170	0x1006      	BCF        RB0_bit, BitPos(RB0_bit+0)
;Giroflex2020.c,215 :: 		s6 = 0;
0x0171	0x1086      	BCF        RB1_bit, BitPos(RB1_bit+0)
;Giroflex2020.c,216 :: 		s7 = 1;
0x0172	0x1706      	BSF        RB6_bit, BitPos(RB6_bit+0)
;Giroflex2020.c,217 :: 		s8 = 1;
0x0173	0x1786      	BSF        RB7_bit, BitPos(RB7_bit+0)
;Giroflex2020.c,218 :: 		s9 = 1;
0x0174	0x1705      	BSF        RA6_bit, BitPos(RA6_bit+0)
;Giroflex2020.c,219 :: 		s10 = 0;
0x0175	0x1385      	BCF        RA7_bit, BitPos(RA7_bit+0)
;Giroflex2020.c,220 :: 		s11 = 0;
0x0176	0x1005      	BCF        RA0_bit, BitPos(RA0_bit+0)
;Giroflex2020.c,221 :: 		s12 = 0;
0x0177	0x1085      	BCF        RA1_bit, BitPos(RA1_bit+0)
;Giroflex2020.c,222 :: 		delay_ms(200);
0x0178	0x3002      	MOVLW      2
0x0179	0x00FB      	MOVWF      R11
0x017A	0x3004      	MOVLW      4
0x017B	0x00FC      	MOVWF      R12
0x017C	0x30BA      	MOVLW      186
0x017D	0x00FD      	MOVWF      R13
L_main23:
0x017E	0x0BFD      	DECFSZ     R13, 1
0x017F	0x297E      	GOTO       L_main23
0x0180	0x0BFC      	DECFSZ     R12, 1
0x0181	0x297E      	GOTO       L_main23
0x0182	0x0BFB      	DECFSZ     R11, 1
0x0183	0x297E      	GOTO       L_main23
0x0184	0x0000      	NOP
;Giroflex2020.c,223 :: 		s1 = 0;
0x0185	0x1105      	BCF        RA2_bit, BitPos(RA2_bit+0)
;Giroflex2020.c,224 :: 		s2 = 0;
0x0186	0x1185      	BCF        RA3_bit, BitPos(RA3_bit+0)
;Giroflex2020.c,225 :: 		s3 = 0;
0x0187	0x1205      	BCF        RA4_bit, BitPos(RA4_bit+0)
;Giroflex2020.c,226 :: 		s4 = 0;
0x0188	0x1186      	BCF        RB3_bit, BitPos(RB3_bit+0)
;Giroflex2020.c,227 :: 		s5 = 0;
0x0189	0x1006      	BCF        RB0_bit, BitPos(RB0_bit+0)
;Giroflex2020.c,228 :: 		s6 = 0;
0x018A	0x1086      	BCF        RB1_bit, BitPos(RB1_bit+0)
;Giroflex2020.c,229 :: 		s7 = 0;
0x018B	0x1306      	BCF        RB6_bit, BitPos(RB6_bit+0)
;Giroflex2020.c,230 :: 		s8 = 1;
0x018C	0x1786      	BSF        RB7_bit, BitPos(RB7_bit+0)
;Giroflex2020.c,231 :: 		s9 = 1;
0x018D	0x1705      	BSF        RA6_bit, BitPos(RA6_bit+0)
;Giroflex2020.c,232 :: 		s10 = 1;
0x018E	0x1785      	BSF        RA7_bit, BitPos(RA7_bit+0)
;Giroflex2020.c,233 :: 		s11 = 0;
0x018F	0x1005      	BCF        RA0_bit, BitPos(RA0_bit+0)
;Giroflex2020.c,234 :: 		s12 = 0;
0x0190	0x1085      	BCF        RA1_bit, BitPos(RA1_bit+0)
;Giroflex2020.c,235 :: 		delay_ms(200);
0x0191	0x3002      	MOVLW      2
0x0192	0x00FB      	MOVWF      R11
0x0193	0x3004      	MOVLW      4
0x0194	0x00FC      	MOVWF      R12
0x0195	0x30BA      	MOVLW      186
0x0196	0x00FD      	MOVWF      R13
L_main24:
0x0197	0x0BFD      	DECFSZ     R13, 1
0x0198	0x2997      	GOTO       L_main24
0x0199	0x0BFC      	DECFSZ     R12, 1
0x019A	0x2997      	GOTO       L_main24
0x019B	0x0BFB      	DECFSZ     R11, 1
0x019C	0x2997      	GOTO       L_main24
0x019D	0x0000      	NOP
;Giroflex2020.c,236 :: 		s1 = 0;
0x019E	0x1105      	BCF        RA2_bit, BitPos(RA2_bit+0)
;Giroflex2020.c,237 :: 		s2 = 0;
0x019F	0x1185      	BCF        RA3_bit, BitPos(RA3_bit+0)
;Giroflex2020.c,238 :: 		s3 = 0;
0x01A0	0x1205      	BCF        RA4_bit, BitPos(RA4_bit+0)
;Giroflex2020.c,239 :: 		s4 = 0;
0x01A1	0x1186      	BCF        RB3_bit, BitPos(RB3_bit+0)
;Giroflex2020.c,240 :: 		s5 = 0;
0x01A2	0x1006      	BCF        RB0_bit, BitPos(RB0_bit+0)
;Giroflex2020.c,241 :: 		s6 = 0;
0x01A3	0x1086      	BCF        RB1_bit, BitPos(RB1_bit+0)
;Giroflex2020.c,242 :: 		s7 = 0;
0x01A4	0x1306      	BCF        RB6_bit, BitPos(RB6_bit+0)
;Giroflex2020.c,243 :: 		s8 = 0;
0x01A5	0x1386      	BCF        RB7_bit, BitPos(RB7_bit+0)
;Giroflex2020.c,244 :: 		s9 = 1;
0x01A6	0x1705      	BSF        RA6_bit, BitPos(RA6_bit+0)
;Giroflex2020.c,245 :: 		s10 = 1;
0x01A7	0x1785      	BSF        RA7_bit, BitPos(RA7_bit+0)
;Giroflex2020.c,246 :: 		s11 = 1;
0x01A8	0x1405      	BSF        RA0_bit, BitPos(RA0_bit+0)
;Giroflex2020.c,247 :: 		s12 = 0;
0x01A9	0x1085      	BCF        RA1_bit, BitPos(RA1_bit+0)
;Giroflex2020.c,248 :: 		delay_ms(200);
0x01AA	0x3002      	MOVLW      2
0x01AB	0x00FB      	MOVWF      R11
0x01AC	0x3004      	MOVLW      4
0x01AD	0x00FC      	MOVWF      R12
0x01AE	0x30BA      	MOVLW      186
0x01AF	0x00FD      	MOVWF      R13
L_main25:
0x01B0	0x0BFD      	DECFSZ     R13, 1
0x01B1	0x29B0      	GOTO       L_main25
0x01B2	0x0BFC      	DECFSZ     R12, 1
0x01B3	0x29B0      	GOTO       L_main25
0x01B4	0x0BFB      	DECFSZ     R11, 1
0x01B5	0x29B0      	GOTO       L_main25
0x01B6	0x0000      	NOP
;Giroflex2020.c,249 :: 		s1 = 0;
0x01B7	0x1105      	BCF        RA2_bit, BitPos(RA2_bit+0)
;Giroflex2020.c,250 :: 		s2 = 0;
0x01B8	0x1185      	BCF        RA3_bit, BitPos(RA3_bit+0)
;Giroflex2020.c,251 :: 		s3 = 0;
0x01B9	0x1205      	BCF        RA4_bit, BitPos(RA4_bit+0)
;Giroflex2020.c,252 :: 		s4 = 0;
0x01BA	0x1186      	BCF        RB3_bit, BitPos(RB3_bit+0)
;Giroflex2020.c,253 :: 		s5 = 0;
0x01BB	0x1006      	BCF        RB0_bit, BitPos(RB0_bit+0)
;Giroflex2020.c,254 :: 		s6 = 0;
0x01BC	0x1086      	BCF        RB1_bit, BitPos(RB1_bit+0)
;Giroflex2020.c,255 :: 		s7 = 0;
0x01BD	0x1306      	BCF        RB6_bit, BitPos(RB6_bit+0)
;Giroflex2020.c,256 :: 		s8 = 0;
0x01BE	0x1386      	BCF        RB7_bit, BitPos(RB7_bit+0)
;Giroflex2020.c,257 :: 		s9 = 0;
0x01BF	0x1305      	BCF        RA6_bit, BitPos(RA6_bit+0)
;Giroflex2020.c,258 :: 		s10 = 1;
0x01C0	0x1785      	BSF        RA7_bit, BitPos(RA7_bit+0)
;Giroflex2020.c,259 :: 		s11 = 1;
0x01C1	0x1405      	BSF        RA0_bit, BitPos(RA0_bit+0)
;Giroflex2020.c,260 :: 		s12 = 1;
0x01C2	0x1485      	BSF        RA1_bit, BitPos(RA1_bit+0)
;Giroflex2020.c,261 :: 		delay_ms(200);
0x01C3	0x3002      	MOVLW      2
0x01C4	0x00FB      	MOVWF      R11
0x01C5	0x3004      	MOVLW      4
0x01C6	0x00FC      	MOVWF      R12
0x01C7	0x30BA      	MOVLW      186
0x01C8	0x00FD      	MOVWF      R13
L_main26:
0x01C9	0x0BFD      	DECFSZ     R13, 1
0x01CA	0x29C9      	GOTO       L_main26
0x01CB	0x0BFC      	DECFSZ     R12, 1
0x01CC	0x29C9      	GOTO       L_main26
0x01CD	0x0BFB      	DECFSZ     R11, 1
0x01CE	0x29C9      	GOTO       L_main26
0x01CF	0x0000      	NOP
;Giroflex2020.c,262 :: 		s1 = 0;
0x01D0	0x1105      	BCF        RA2_bit, BitPos(RA2_bit+0)
;Giroflex2020.c,263 :: 		s2 = 0;
0x01D1	0x1185      	BCF        RA3_bit, BitPos(RA3_bit+0)
;Giroflex2020.c,264 :: 		s3 = 0;
0x01D2	0x1205      	BCF        RA4_bit, BitPos(RA4_bit+0)
;Giroflex2020.c,265 :: 		s4 = 0;
0x01D3	0x1186      	BCF        RB3_bit, BitPos(RB3_bit+0)
;Giroflex2020.c,266 :: 		s5 = 0;
0x01D4	0x1006      	BCF        RB0_bit, BitPos(RB0_bit+0)
;Giroflex2020.c,267 :: 		s6 = 0;
0x01D5	0x1086      	BCF        RB1_bit, BitPos(RB1_bit+0)
;Giroflex2020.c,268 :: 		s7 = 0;
0x01D6	0x1306      	BCF        RB6_bit, BitPos(RB6_bit+0)
;Giroflex2020.c,269 :: 		s8 = 0;
0x01D7	0x1386      	BCF        RB7_bit, BitPos(RB7_bit+0)
;Giroflex2020.c,270 :: 		s9 = 0;
0x01D8	0x1305      	BCF        RA6_bit, BitPos(RA6_bit+0)
;Giroflex2020.c,271 :: 		s10 = 0;
0x01D9	0x1385      	BCF        RA7_bit, BitPos(RA7_bit+0)
;Giroflex2020.c,272 :: 		s11 = 1;
0x01DA	0x1405      	BSF        RA0_bit, BitPos(RA0_bit+0)
;Giroflex2020.c,273 :: 		s12 = 1;
0x01DB	0x1485      	BSF        RA1_bit, BitPos(RA1_bit+0)
;Giroflex2020.c,274 :: 		delay_ms(200);
0x01DC	0x3002      	MOVLW      2
0x01DD	0x00FB      	MOVWF      R11
0x01DE	0x3004      	MOVLW      4
0x01DF	0x00FC      	MOVWF      R12
0x01E0	0x30BA      	MOVLW      186
0x01E1	0x00FD      	MOVWF      R13
L_main27:
0x01E2	0x0BFD      	DECFSZ     R13, 1
0x01E3	0x29E2      	GOTO       L_main27
0x01E4	0x0BFC      	DECFSZ     R12, 1
0x01E5	0x29E2      	GOTO       L_main27
0x01E6	0x0BFB      	DECFSZ     R11, 1
0x01E7	0x29E2      	GOTO       L_main27
0x01E8	0x0000      	NOP
;Giroflex2020.c,275 :: 		s1 = 0;
0x01E9	0x1105      	BCF        RA2_bit, BitPos(RA2_bit+0)
;Giroflex2020.c,276 :: 		s2 = 0;
0x01EA	0x1185      	BCF        RA3_bit, BitPos(RA3_bit+0)
;Giroflex2020.c,277 :: 		s3 = 0;
0x01EB	0x1205      	BCF        RA4_bit, BitPos(RA4_bit+0)
;Giroflex2020.c,278 :: 		s4 = 0;
0x01EC	0x1186      	BCF        RB3_bit, BitPos(RB3_bit+0)
;Giroflex2020.c,279 :: 		s5 = 0;
0x01ED	0x1006      	BCF        RB0_bit, BitPos(RB0_bit+0)
;Giroflex2020.c,280 :: 		s6 = 0;
0x01EE	0x1086      	BCF        RB1_bit, BitPos(RB1_bit+0)
;Giroflex2020.c,281 :: 		s7 = 0;
0x01EF	0x1306      	BCF        RB6_bit, BitPos(RB6_bit+0)
;Giroflex2020.c,282 :: 		s8 = 0;
0x01F0	0x1386      	BCF        RB7_bit, BitPos(RB7_bit+0)
;Giroflex2020.c,283 :: 		s9 = 0;
0x01F1	0x1305      	BCF        RA6_bit, BitPos(RA6_bit+0)
;Giroflex2020.c,284 :: 		s10 = 0;
0x01F2	0x1385      	BCF        RA7_bit, BitPos(RA7_bit+0)
;Giroflex2020.c,285 :: 		s11 = 0;
0x01F3	0x1005      	BCF        RA0_bit, BitPos(RA0_bit+0)
;Giroflex2020.c,286 :: 		s12 = 1;
0x01F4	0x1485      	BSF        RA1_bit, BitPos(RA1_bit+0)
;Giroflex2020.c,287 :: 		delay_ms(200);
0x01F5	0x3002      	MOVLW      2
0x01F6	0x00FB      	MOVWF      R11
0x01F7	0x3004      	MOVLW      4
0x01F8	0x00FC      	MOVWF      R12
0x01F9	0x30BA      	MOVLW      186
0x01FA	0x00FD      	MOVWF      R13
L_main28:
0x01FB	0x0BFD      	DECFSZ     R13, 1
0x01FC	0x29FB      	GOTO       L_main28
0x01FD	0x0BFC      	DECFSZ     R12, 1
0x01FE	0x29FB      	GOTO       L_main28
0x01FF	0x0BFB      	DECFSZ     R11, 1
0x0200	0x29FB      	GOTO       L_main28
0x0201	0x0000      	NOP
;Giroflex2020.c,288 :: 		s1 = 0;
0x0202	0x1105      	BCF        RA2_bit, BitPos(RA2_bit+0)
;Giroflex2020.c,289 :: 		s2 = 0;
0x0203	0x1185      	BCF        RA3_bit, BitPos(RA3_bit+0)
;Giroflex2020.c,290 :: 		s3 = 0;
0x0204	0x1205      	BCF        RA4_bit, BitPos(RA4_bit+0)
;Giroflex2020.c,291 :: 		s4 = 0;
0x0205	0x1186      	BCF        RB3_bit, BitPos(RB3_bit+0)
;Giroflex2020.c,292 :: 		s5 = 0;
0x0206	0x1006      	BCF        RB0_bit, BitPos(RB0_bit+0)
;Giroflex2020.c,293 :: 		s6 = 0;
0x0207	0x1086      	BCF        RB1_bit, BitPos(RB1_bit+0)
;Giroflex2020.c,294 :: 		s7 = 0;
0x0208	0x1306      	BCF        RB6_bit, BitPos(RB6_bit+0)
;Giroflex2020.c,295 :: 		s8 = 0;
0x0209	0x1386      	BCF        RB7_bit, BitPos(RB7_bit+0)
;Giroflex2020.c,296 :: 		s9 = 0;
0x020A	0x1305      	BCF        RA6_bit, BitPos(RA6_bit+0)
;Giroflex2020.c,297 :: 		s10 = 0;
0x020B	0x1385      	BCF        RA7_bit, BitPos(RA7_bit+0)
;Giroflex2020.c,298 :: 		s11 = 0;
0x020C	0x1005      	BCF        RA0_bit, BitPos(RA0_bit+0)
;Giroflex2020.c,299 :: 		s12 = 0;
0x020D	0x1085      	BCF        RA1_bit, BitPos(RA1_bit+0)
;Giroflex2020.c,300 :: 		delay_ms(200);
0x020E	0x3002      	MOVLW      2
0x020F	0x00FB      	MOVWF      R11
0x0210	0x3004      	MOVLW      4
0x0211	0x00FC      	MOVWF      R12
0x0212	0x30BA      	MOVLW      186
0x0213	0x00FD      	MOVWF      R13
L_main29:
0x0214	0x0BFD      	DECFSZ     R13, 1
0x0215	0x2A14      	GOTO       L_main29
0x0216	0x0BFC      	DECFSZ     R12, 1
0x0217	0x2A14      	GOTO       L_main29
0x0218	0x0BFB      	DECFSZ     R11, 1
0x0219	0x2A14      	GOTO       L_main29
0x021A	0x0000      	NOP
;Giroflex2020.c,301 :: 		s1 = 0;
0x021B	0x1105      	BCF        RA2_bit, BitPos(RA2_bit+0)
;Giroflex2020.c,302 :: 		s2 = 0;
0x021C	0x1185      	BCF        RA3_bit, BitPos(RA3_bit+0)
;Giroflex2020.c,303 :: 		s3 = 0;
0x021D	0x1205      	BCF        RA4_bit, BitPos(RA4_bit+0)
;Giroflex2020.c,304 :: 		s4 = 0;
0x021E	0x1186      	BCF        RB3_bit, BitPos(RB3_bit+0)
;Giroflex2020.c,305 :: 		s5 = 0;
0x021F	0x1006      	BCF        RB0_bit, BitPos(RB0_bit+0)
;Giroflex2020.c,306 :: 		s6 = 0;
0x0220	0x1086      	BCF        RB1_bit, BitPos(RB1_bit+0)
;Giroflex2020.c,307 :: 		s7 = 0;
0x0221	0x1306      	BCF        RB6_bit, BitPos(RB6_bit+0)
;Giroflex2020.c,308 :: 		s8 = 0;
0x0222	0x1386      	BCF        RB7_bit, BitPos(RB7_bit+0)
;Giroflex2020.c,309 :: 		s9 = 0;
0x0223	0x1305      	BCF        RA6_bit, BitPos(RA6_bit+0)
;Giroflex2020.c,310 :: 		s10 = 0;
0x0224	0x1385      	BCF        RA7_bit, BitPos(RA7_bit+0)
;Giroflex2020.c,311 :: 		s11 = 0;
0x0225	0x1005      	BCF        RA0_bit, BitPos(RA0_bit+0)
;Giroflex2020.c,312 :: 		s12 = 1;
0x0226	0x1485      	BSF        RA1_bit, BitPos(RA1_bit+0)
;Giroflex2020.c,313 :: 		delay_ms(200);
0x0227	0x3002      	MOVLW      2
0x0228	0x00FB      	MOVWF      R11
0x0229	0x3004      	MOVLW      4
0x022A	0x00FC      	MOVWF      R12
0x022B	0x30BA      	MOVLW      186
0x022C	0x00FD      	MOVWF      R13
L_main30:
0x022D	0x0BFD      	DECFSZ     R13, 1
0x022E	0x2A2D      	GOTO       L_main30
0x022F	0x0BFC      	DECFSZ     R12, 1
0x0230	0x2A2D      	GOTO       L_main30
0x0231	0x0BFB      	DECFSZ     R11, 1
0x0232	0x2A2D      	GOTO       L_main30
0x0233	0x0000      	NOP
;Giroflex2020.c,314 :: 		s1 = 0;
0x0234	0x1105      	BCF        RA2_bit, BitPos(RA2_bit+0)
;Giroflex2020.c,315 :: 		s2 = 0;
0x0235	0x1185      	BCF        RA3_bit, BitPos(RA3_bit+0)
;Giroflex2020.c,316 :: 		s3 = 0;
0x0236	0x1205      	BCF        RA4_bit, BitPos(RA4_bit+0)
;Giroflex2020.c,317 :: 		s4 = 0;
0x0237	0x1186      	BCF        RB3_bit, BitPos(RB3_bit+0)
;Giroflex2020.c,318 :: 		s5 = 0;
0x0238	0x1006      	BCF        RB0_bit, BitPos(RB0_bit+0)
;Giroflex2020.c,319 :: 		s6 = 0;
0x0239	0x1086      	BCF        RB1_bit, BitPos(RB1_bit+0)
;Giroflex2020.c,320 :: 		s7 = 0;
0x023A	0x1306      	BCF        RB6_bit, BitPos(RB6_bit+0)
;Giroflex2020.c,321 :: 		s8 = 0;
0x023B	0x1386      	BCF        RB7_bit, BitPos(RB7_bit+0)
;Giroflex2020.c,322 :: 		s9 = 0;
0x023C	0x1305      	BCF        RA6_bit, BitPos(RA6_bit+0)
;Giroflex2020.c,323 :: 		s10 = 0;
0x023D	0x1385      	BCF        RA7_bit, BitPos(RA7_bit+0)
;Giroflex2020.c,324 :: 		s11 = 1;
0x023E	0x1405      	BSF        RA0_bit, BitPos(RA0_bit+0)
;Giroflex2020.c,325 :: 		s12 = 1;
0x023F	0x1485      	BSF        RA1_bit, BitPos(RA1_bit+0)
;Giroflex2020.c,326 :: 		delay_ms(200);
0x0240	0x3002      	MOVLW      2
0x0241	0x00FB      	MOVWF      R11
0x0242	0x3004      	MOVLW      4
0x0243	0x00FC      	MOVWF      R12
0x0244	0x30BA      	MOVLW      186
0x0245	0x00FD      	MOVWF      R13
L_main31:
0x0246	0x0BFD      	DECFSZ     R13, 1
0x0247	0x2A46      	GOTO       L_main31
0x0248	0x0BFC      	DECFSZ     R12, 1
0x0249	0x2A46      	GOTO       L_main31
0x024A	0x0BFB      	DECFSZ     R11, 1
0x024B	0x2A46      	GOTO       L_main31
0x024C	0x0000      	NOP
;Giroflex2020.c,327 :: 		s1 = 0;
0x024D	0x1105      	BCF        RA2_bit, BitPos(RA2_bit+0)
;Giroflex2020.c,328 :: 		s2 = 0;
0x024E	0x1185      	BCF        RA3_bit, BitPos(RA3_bit+0)
;Giroflex2020.c,329 :: 		s3 = 0;
0x024F	0x1205      	BCF        RA4_bit, BitPos(RA4_bit+0)
;Giroflex2020.c,330 :: 		s4 = 0;
0x0250	0x1186      	BCF        RB3_bit, BitPos(RB3_bit+0)
;Giroflex2020.c,331 :: 		s5 = 0;
0x0251	0x1006      	BCF        RB0_bit, BitPos(RB0_bit+0)
;Giroflex2020.c,332 :: 		s6 = 0;
0x0252	0x1086      	BCF        RB1_bit, BitPos(RB1_bit+0)
;Giroflex2020.c,333 :: 		s7 = 0;
0x0253	0x1306      	BCF        RB6_bit, BitPos(RB6_bit+0)
;Giroflex2020.c,334 :: 		s8 = 0;
0x0254	0x1386      	BCF        RB7_bit, BitPos(RB7_bit+0)
;Giroflex2020.c,335 :: 		s9 = 0;
0x0255	0x1305      	BCF        RA6_bit, BitPos(RA6_bit+0)
;Giroflex2020.c,336 :: 		s10 = 1;
0x0256	0x1785      	BSF        RA7_bit, BitPos(RA7_bit+0)
;Giroflex2020.c,337 :: 		s11 = 1;
0x0257	0x1405      	BSF        RA0_bit, BitPos(RA0_bit+0)
;Giroflex2020.c,338 :: 		s12 = 1;
0x0258	0x1485      	BSF        RA1_bit, BitPos(RA1_bit+0)
;Giroflex2020.c,339 :: 		delay_ms(200);
0x0259	0x3002      	MOVLW      2
0x025A	0x00FB      	MOVWF      R11
0x025B	0x3004      	MOVLW      4
0x025C	0x00FC      	MOVWF      R12
0x025D	0x30BA      	MOVLW      186
0x025E	0x00FD      	MOVWF      R13
L_main32:
0x025F	0x0BFD      	DECFSZ     R13, 1
0x0260	0x2A5F      	GOTO       L_main32
0x0261	0x0BFC      	DECFSZ     R12, 1
0x0262	0x2A5F      	GOTO       L_main32
0x0263	0x0BFB      	DECFSZ     R11, 1
0x0264	0x2A5F      	GOTO       L_main32
0x0265	0x0000      	NOP
;Giroflex2020.c,340 :: 		s1 = 0;
0x0266	0x1105      	BCF        RA2_bit, BitPos(RA2_bit+0)
;Giroflex2020.c,341 :: 		s2 = 0;
0x0267	0x1185      	BCF        RA3_bit, BitPos(RA3_bit+0)
;Giroflex2020.c,342 :: 		s3 = 0;
0x0268	0x1205      	BCF        RA4_bit, BitPos(RA4_bit+0)
;Giroflex2020.c,343 :: 		s4 = 0;
0x0269	0x1186      	BCF        RB3_bit, BitPos(RB3_bit+0)
;Giroflex2020.c,344 :: 		s5 = 0;
0x026A	0x1006      	BCF        RB0_bit, BitPos(RB0_bit+0)
;Giroflex2020.c,345 :: 		s6 = 0;
0x026B	0x1086      	BCF        RB1_bit, BitPos(RB1_bit+0)
;Giroflex2020.c,346 :: 		s7 = 0;
0x026C	0x1306      	BCF        RB6_bit, BitPos(RB6_bit+0)
;Giroflex2020.c,347 :: 		s8 = 0;
0x026D	0x1386      	BCF        RB7_bit, BitPos(RB7_bit+0)
;Giroflex2020.c,348 :: 		s9 = 1;
0x026E	0x1705      	BSF        RA6_bit, BitPos(RA6_bit+0)
;Giroflex2020.c,349 :: 		s10 = 1;
0x026F	0x1785      	BSF        RA7_bit, BitPos(RA7_bit+0)
;Giroflex2020.c,350 :: 		s11 = 1;
0x0270	0x1405      	BSF        RA0_bit, BitPos(RA0_bit+0)
;Giroflex2020.c,351 :: 		s12 = 0;
0x0271	0x1085      	BCF        RA1_bit, BitPos(RA1_bit+0)
;Giroflex2020.c,352 :: 		delay_ms(200);
0x0272	0x3002      	MOVLW      2
0x0273	0x00FB      	MOVWF      R11
0x0274	0x3004      	MOVLW      4
0x0275	0x00FC      	MOVWF      R12
0x0276	0x30BA      	MOVLW      186
0x0277	0x00FD      	MOVWF      R13
L_main33:
0x0278	0x0BFD      	DECFSZ     R13, 1
0x0279	0x2A78      	GOTO       L_main33
0x027A	0x0BFC      	DECFSZ     R12, 1
0x027B	0x2A78      	GOTO       L_main33
0x027C	0x0BFB      	DECFSZ     R11, 1
0x027D	0x2A78      	GOTO       L_main33
0x027E	0x0000      	NOP
;Giroflex2020.c,353 :: 		s1 = 0;
0x027F	0x1105      	BCF        RA2_bit, BitPos(RA2_bit+0)
;Giroflex2020.c,354 :: 		s2 = 0;
0x0280	0x1185      	BCF        RA3_bit, BitPos(RA3_bit+0)
;Giroflex2020.c,355 :: 		s3 = 0;
0x0281	0x1205      	BCF        RA4_bit, BitPos(RA4_bit+0)
;Giroflex2020.c,356 :: 		s4 = 0;
0x0282	0x1186      	BCF        RB3_bit, BitPos(RB3_bit+0)
;Giroflex2020.c,357 :: 		s5 = 0;
0x0283	0x1006      	BCF        RB0_bit, BitPos(RB0_bit+0)
;Giroflex2020.c,358 :: 		s6 = 0;
0x0284	0x1086      	BCF        RB1_bit, BitPos(RB1_bit+0)
;Giroflex2020.c,359 :: 		s7 = 0;
0x0285	0x1306      	BCF        RB6_bit, BitPos(RB6_bit+0)
;Giroflex2020.c,360 :: 		s8 = 1;
0x0286	0x1786      	BSF        RB7_bit, BitPos(RB7_bit+0)
;Giroflex2020.c,361 :: 		s9 = 1;
0x0287	0x1705      	BSF        RA6_bit, BitPos(RA6_bit+0)
;Giroflex2020.c,362 :: 		s10 = 1;
0x0288	0x1785      	BSF        RA7_bit, BitPos(RA7_bit+0)
;Giroflex2020.c,363 :: 		s11 = 0;
0x0289	0x1005      	BCF        RA0_bit, BitPos(RA0_bit+0)
;Giroflex2020.c,364 :: 		s12 = 0;
0x028A	0x1085      	BCF        RA1_bit, BitPos(RA1_bit+0)
;Giroflex2020.c,365 :: 		delay_ms(200);
0x028B	0x3002      	MOVLW      2
0x028C	0x00FB      	MOVWF      R11
0x028D	0x3004      	MOVLW      4
0x028E	0x00FC      	MOVWF      R12
0x028F	0x30BA      	MOVLW      186
0x0290	0x00FD      	MOVWF      R13
L_main34:
0x0291	0x0BFD      	DECFSZ     R13, 1
0x0292	0x2A91      	GOTO       L_main34
0x0293	0x0BFC      	DECFSZ     R12, 1
0x0294	0x2A91      	GOTO       L_main34
0x0295	0x0BFB      	DECFSZ     R11, 1
0x0296	0x2A91      	GOTO       L_main34
0x0297	0x0000      	NOP
;Giroflex2020.c,366 :: 		s1 = 0;
0x0298	0x1105      	BCF        RA2_bit, BitPos(RA2_bit+0)
;Giroflex2020.c,367 :: 		s2 = 0;
0x0299	0x1185      	BCF        RA3_bit, BitPos(RA3_bit+0)
;Giroflex2020.c,368 :: 		s3 = 0;
0x029A	0x1205      	BCF        RA4_bit, BitPos(RA4_bit+0)
;Giroflex2020.c,369 :: 		s4 = 0;
0x029B	0x1186      	BCF        RB3_bit, BitPos(RB3_bit+0)
;Giroflex2020.c,370 :: 		s5 = 0;
0x029C	0x1006      	BCF        RB0_bit, BitPos(RB0_bit+0)
;Giroflex2020.c,371 :: 		s6 = 0;
0x029D	0x1086      	BCF        RB1_bit, BitPos(RB1_bit+0)
;Giroflex2020.c,372 :: 		s7 = 1;
0x029E	0x1706      	BSF        RB6_bit, BitPos(RB6_bit+0)
;Giroflex2020.c,373 :: 		s8 = 1;
0x029F	0x1786      	BSF        RB7_bit, BitPos(RB7_bit+0)
;Giroflex2020.c,374 :: 		s9 = 1;
0x02A0	0x1705      	BSF        RA6_bit, BitPos(RA6_bit+0)
;Giroflex2020.c,375 :: 		s10 = 0;
0x02A1	0x1385      	BCF        RA7_bit, BitPos(RA7_bit+0)
;Giroflex2020.c,376 :: 		s11 = 0;
0x02A2	0x1005      	BCF        RA0_bit, BitPos(RA0_bit+0)
;Giroflex2020.c,377 :: 		s12 = 0;
0x02A3	0x1085      	BCF        RA1_bit, BitPos(RA1_bit+0)
;Giroflex2020.c,378 :: 		delay_ms(200);
0x02A4	0x3002      	MOVLW      2
0x02A5	0x00FB      	MOVWF      R11
0x02A6	0x3004      	MOVLW      4
0x02A7	0x00FC      	MOVWF      R12
0x02A8	0x30BA      	MOVLW      186
0x02A9	0x00FD      	MOVWF      R13
L_main35:
0x02AA	0x0BFD      	DECFSZ     R13, 1
0x02AB	0x2AAA      	GOTO       L_main35
0x02AC	0x0BFC      	DECFSZ     R12, 1
0x02AD	0x2AAA      	GOTO       L_main35
0x02AE	0x0BFB      	DECFSZ     R11, 1
0x02AF	0x2AAA      	GOTO       L_main35
0x02B0	0x0000      	NOP
;Giroflex2020.c,379 :: 		s1 = 0;
0x02B1	0x1105      	BCF        RA2_bit, BitPos(RA2_bit+0)
;Giroflex2020.c,380 :: 		s2 = 0;
0x02B2	0x1185      	BCF        RA3_bit, BitPos(RA3_bit+0)
;Giroflex2020.c,381 :: 		s3 = 0;
0x02B3	0x1205      	BCF        RA4_bit, BitPos(RA4_bit+0)
;Giroflex2020.c,382 :: 		s4 = 0;
0x02B4	0x1186      	BCF        RB3_bit, BitPos(RB3_bit+0)
;Giroflex2020.c,383 :: 		s5 = 0;
0x02B5	0x1006      	BCF        RB0_bit, BitPos(RB0_bit+0)
;Giroflex2020.c,384 :: 		s6 = 1;
0x02B6	0x1486      	BSF        RB1_bit, BitPos(RB1_bit+0)
;Giroflex2020.c,385 :: 		s7 = 1;
0x02B7	0x1706      	BSF        RB6_bit, BitPos(RB6_bit+0)
;Giroflex2020.c,386 :: 		s8 = 1;
0x02B8	0x1786      	BSF        RB7_bit, BitPos(RB7_bit+0)
;Giroflex2020.c,387 :: 		s9 = 0;
0x02B9	0x1305      	BCF        RA6_bit, BitPos(RA6_bit+0)
;Giroflex2020.c,388 :: 		s10 = 0;
0x02BA	0x1385      	BCF        RA7_bit, BitPos(RA7_bit+0)
;Giroflex2020.c,389 :: 		s11 = 0;
0x02BB	0x1005      	BCF        RA0_bit, BitPos(RA0_bit+0)
;Giroflex2020.c,390 :: 		s12 = 0;
0x02BC	0x1085      	BCF        RA1_bit, BitPos(RA1_bit+0)
;Giroflex2020.c,391 :: 		delay_ms(200);
0x02BD	0x3002      	MOVLW      2
0x02BE	0x00FB      	MOVWF      R11
0x02BF	0x3004      	MOVLW      4
0x02C0	0x00FC      	MOVWF      R12
0x02C1	0x30BA      	MOVLW      186
0x02C2	0x00FD      	MOVWF      R13
L_main36:
0x02C3	0x0BFD      	DECFSZ     R13, 1
0x02C4	0x2AC3      	GOTO       L_main36
0x02C5	0x0BFC      	DECFSZ     R12, 1
0x02C6	0x2AC3      	GOTO       L_main36
0x02C7	0x0BFB      	DECFSZ     R11, 1
0x02C8	0x2AC3      	GOTO       L_main36
0x02C9	0x0000      	NOP
;Giroflex2020.c,392 :: 		s1 = 0;
0x02CA	0x1105      	BCF        RA2_bit, BitPos(RA2_bit+0)
;Giroflex2020.c,393 :: 		s2 = 0;
0x02CB	0x1185      	BCF        RA3_bit, BitPos(RA3_bit+0)
;Giroflex2020.c,394 :: 		s3 = 0;
0x02CC	0x1205      	BCF        RA4_bit, BitPos(RA4_bit+0)
;Giroflex2020.c,395 :: 		s4 = 0;
0x02CD	0x1186      	BCF        RB3_bit, BitPos(RB3_bit+0)
;Giroflex2020.c,396 :: 		s5 = 1;
0x02CE	0x1406      	BSF        RB0_bit, BitPos(RB0_bit+0)
;Giroflex2020.c,397 :: 		s6 = 1;
0x02CF	0x1486      	BSF        RB1_bit, BitPos(RB1_bit+0)
;Giroflex2020.c,398 :: 		s7 = 1;
0x02D0	0x1706      	BSF        RB6_bit, BitPos(RB6_bit+0)
;Giroflex2020.c,399 :: 		s8 = 0;
0x02D1	0x1386      	BCF        RB7_bit, BitPos(RB7_bit+0)
;Giroflex2020.c,400 :: 		s9 = 0;
0x02D2	0x1305      	BCF        RA6_bit, BitPos(RA6_bit+0)
;Giroflex2020.c,401 :: 		s10 = 0;
0x02D3	0x1385      	BCF        RA7_bit, BitPos(RA7_bit+0)
;Giroflex2020.c,402 :: 		s11 = 0;
0x02D4	0x1005      	BCF        RA0_bit, BitPos(RA0_bit+0)
;Giroflex2020.c,403 :: 		s12 = 0;
0x02D5	0x1085      	BCF        RA1_bit, BitPos(RA1_bit+0)
;Giroflex2020.c,404 :: 		delay_ms(200);
0x02D6	0x3002      	MOVLW      2
0x02D7	0x00FB      	MOVWF      R11
0x02D8	0x3004      	MOVLW      4
0x02D9	0x00FC      	MOVWF      R12
0x02DA	0x30BA      	MOVLW      186
0x02DB	0x00FD      	MOVWF      R13
L_main37:
0x02DC	0x0BFD      	DECFSZ     R13, 1
0x02DD	0x2ADC      	GOTO       L_main37
0x02DE	0x0BFC      	DECFSZ     R12, 1
0x02DF	0x2ADC      	GOTO       L_main37
0x02E0	0x0BFB      	DECFSZ     R11, 1
0x02E1	0x2ADC      	GOTO       L_main37
0x02E2	0x0000      	NOP
;Giroflex2020.c,405 :: 		s1 = 0;
0x02E3	0x1105      	BCF        RA2_bit, BitPos(RA2_bit+0)
;Giroflex2020.c,406 :: 		s2 = 0;
0x02E4	0x1185      	BCF        RA3_bit, BitPos(RA3_bit+0)
;Giroflex2020.c,407 :: 		s3 = 0;
0x02E5	0x1205      	BCF        RA4_bit, BitPos(RA4_bit+0)
;Giroflex2020.c,408 :: 		s4 = 1;
0x02E6	0x1586      	BSF        RB3_bit, BitPos(RB3_bit+0)
;Giroflex2020.c,409 :: 		s5 = 1;
0x02E7	0x1406      	BSF        RB0_bit, BitPos(RB0_bit+0)
;Giroflex2020.c,410 :: 		s6 = 1;
0x02E8	0x1486      	BSF        RB1_bit, BitPos(RB1_bit+0)
;Giroflex2020.c,411 :: 		s7 = 0;
0x02E9	0x1306      	BCF        RB6_bit, BitPos(RB6_bit+0)
;Giroflex2020.c,412 :: 		s8 = 0;
0x02EA	0x1386      	BCF        RB7_bit, BitPos(RB7_bit+0)
;Giroflex2020.c,413 :: 		s9 = 0;
0x02EB	0x1305      	BCF        RA6_bit, BitPos(RA6_bit+0)
;Giroflex2020.c,414 :: 		s10 = 0;
0x02EC	0x1385      	BCF        RA7_bit, BitPos(RA7_bit+0)
;Giroflex2020.c,415 :: 		s11 = 0;
0x02ED	0x1005      	BCF        RA0_bit, BitPos(RA0_bit+0)
;Giroflex2020.c,416 :: 		s12 = 0;
0x02EE	0x1085      	BCF        RA1_bit, BitPos(RA1_bit+0)
;Giroflex2020.c,417 :: 		delay_ms(200);
0x02EF	0x3002      	MOVLW      2
0x02F0	0x00FB      	MOVWF      R11
0x02F1	0x3004      	MOVLW      4
0x02F2	0x00FC      	MOVWF      R12
0x02F3	0x30BA      	MOVLW      186
0x02F4	0x00FD      	MOVWF      R13
L_main38:
0x02F5	0x0BFD      	DECFSZ     R13, 1
0x02F6	0x2AF5      	GOTO       L_main38
0x02F7	0x0BFC      	DECFSZ     R12, 1
0x02F8	0x2AF5      	GOTO       L_main38
0x02F9	0x0BFB      	DECFSZ     R11, 1
0x02FA	0x2AF5      	GOTO       L_main38
0x02FB	0x0000      	NOP
;Giroflex2020.c,418 :: 		s1 = 0;
0x02FC	0x1105      	BCF        RA2_bit, BitPos(RA2_bit+0)
;Giroflex2020.c,419 :: 		s2 = 0;
0x02FD	0x1185      	BCF        RA3_bit, BitPos(RA3_bit+0)
;Giroflex2020.c,420 :: 		s3 = 1;
0x02FE	0x1605      	BSF        RA4_bit, BitPos(RA4_bit+0)
;Giroflex2020.c,421 :: 		s4 = 1;
0x02FF	0x1586      	BSF        RB3_bit, BitPos(RB3_bit+0)
;Giroflex2020.c,422 :: 		s5 = 1;
0x0300	0x1406      	BSF        RB0_bit, BitPos(RB0_bit+0)
;Giroflex2020.c,423 :: 		s6 = 0;
0x0301	0x1086      	BCF        RB1_bit, BitPos(RB1_bit+0)
;Giroflex2020.c,424 :: 		s7 = 0;
0x0302	0x1306      	BCF        RB6_bit, BitPos(RB6_bit+0)
;Giroflex2020.c,425 :: 		s8 = 0;
0x0303	0x1386      	BCF        RB7_bit, BitPos(RB7_bit+0)
;Giroflex2020.c,426 :: 		s9 = 0;
0x0304	0x1305      	BCF        RA6_bit, BitPos(RA6_bit+0)
;Giroflex2020.c,427 :: 		s10 = 0;
0x0305	0x1385      	BCF        RA7_bit, BitPos(RA7_bit+0)
;Giroflex2020.c,428 :: 		s11 = 0;
0x0306	0x1005      	BCF        RA0_bit, BitPos(RA0_bit+0)
;Giroflex2020.c,429 :: 		s12 = 0;
0x0307	0x1085      	BCF        RA1_bit, BitPos(RA1_bit+0)
;Giroflex2020.c,430 :: 		delay_ms(200);
0x0308	0x3002      	MOVLW      2
0x0309	0x00FB      	MOVWF      R11
0x030A	0x3004      	MOVLW      4
0x030B	0x00FC      	MOVWF      R12
0x030C	0x30BA      	MOVLW      186
0x030D	0x00FD      	MOVWF      R13
L_main39:
0x030E	0x0BFD      	DECFSZ     R13, 1
0x030F	0x2B0E      	GOTO       L_main39
0x0310	0x0BFC      	DECFSZ     R12, 1
0x0311	0x2B0E      	GOTO       L_main39
0x0312	0x0BFB      	DECFSZ     R11, 1
0x0313	0x2B0E      	GOTO       L_main39
0x0314	0x0000      	NOP
;Giroflex2020.c,431 :: 		s1 = 0;
0x0315	0x1105      	BCF        RA2_bit, BitPos(RA2_bit+0)
;Giroflex2020.c,432 :: 		s2 = 1;
0x0316	0x1585      	BSF        RA3_bit, BitPos(RA3_bit+0)
;Giroflex2020.c,433 :: 		s3 = 1;
0x0317	0x1605      	BSF        RA4_bit, BitPos(RA4_bit+0)
;Giroflex2020.c,434 :: 		s4 = 1;
0x0318	0x1586      	BSF        RB3_bit, BitPos(RB3_bit+0)
;Giroflex2020.c,435 :: 		s5 = 0;
0x0319	0x1006      	BCF        RB0_bit, BitPos(RB0_bit+0)
;Giroflex2020.c,436 :: 		s6 = 0;
0x031A	0x1086      	BCF        RB1_bit, BitPos(RB1_bit+0)
;Giroflex2020.c,437 :: 		s7 = 0;
0x031B	0x1306      	BCF        RB6_bit, BitPos(RB6_bit+0)
;Giroflex2020.c,438 :: 		s8 = 0;
0x031C	0x1386      	BCF        RB7_bit, BitPos(RB7_bit+0)
;Giroflex2020.c,439 :: 		s9 = 0;
0x031D	0x1305      	BCF        RA6_bit, BitPos(RA6_bit+0)
;Giroflex2020.c,440 :: 		s10 = 0;
0x031E	0x1385      	BCF        RA7_bit, BitPos(RA7_bit+0)
;Giroflex2020.c,441 :: 		s11 = 0;
0x031F	0x1005      	BCF        RA0_bit, BitPos(RA0_bit+0)
;Giroflex2020.c,442 :: 		s12 = 0;
0x0320	0x1085      	BCF        RA1_bit, BitPos(RA1_bit+0)
;Giroflex2020.c,443 :: 		delay_ms(200);
0x0321	0x3002      	MOVLW      2
0x0322	0x00FB      	MOVWF      R11
0x0323	0x3004      	MOVLW      4
0x0324	0x00FC      	MOVWF      R12
0x0325	0x30BA      	MOVLW      186
0x0326	0x00FD      	MOVWF      R13
L_main40:
0x0327	0x0BFD      	DECFSZ     R13, 1
0x0328	0x2B27      	GOTO       L_main40
0x0329	0x0BFC      	DECFSZ     R12, 1
0x032A	0x2B27      	GOTO       L_main40
0x032B	0x0BFB      	DECFSZ     R11, 1
0x032C	0x2B27      	GOTO       L_main40
0x032D	0x0000      	NOP
;Giroflex2020.c,444 :: 		s1 = 1;
0x032E	0x1505      	BSF        RA2_bit, BitPos(RA2_bit+0)
;Giroflex2020.c,445 :: 		s2 = 1;
0x032F	0x1585      	BSF        RA3_bit, BitPos(RA3_bit+0)
;Giroflex2020.c,446 :: 		s3 = 1;
0x0330	0x1605      	BSF        RA4_bit, BitPos(RA4_bit+0)
;Giroflex2020.c,447 :: 		s4 = 0;
0x0331	0x1186      	BCF        RB3_bit, BitPos(RB3_bit+0)
;Giroflex2020.c,448 :: 		s5 = 0;
0x0332	0x1006      	BCF        RB0_bit, BitPos(RB0_bit+0)
;Giroflex2020.c,449 :: 		s6 = 0;
0x0333	0x1086      	BCF        RB1_bit, BitPos(RB1_bit+0)
;Giroflex2020.c,450 :: 		s7 = 0;
0x0334	0x1306      	BCF        RB6_bit, BitPos(RB6_bit+0)
;Giroflex2020.c,451 :: 		s8 = 0;
0x0335	0x1386      	BCF        RB7_bit, BitPos(RB7_bit+0)
;Giroflex2020.c,452 :: 		s9 = 0;
0x0336	0x1305      	BCF        RA6_bit, BitPos(RA6_bit+0)
;Giroflex2020.c,453 :: 		s10 = 0;
0x0337	0x1385      	BCF        RA7_bit, BitPos(RA7_bit+0)
;Giroflex2020.c,454 :: 		s11 = 0;
0x0338	0x1005      	BCF        RA0_bit, BitPos(RA0_bit+0)
;Giroflex2020.c,455 :: 		s12 = 0;
0x0339	0x1085      	BCF        RA1_bit, BitPos(RA1_bit+0)
;Giroflex2020.c,456 :: 		delay_ms(200);
0x033A	0x3002      	MOVLW      2
0x033B	0x00FB      	MOVWF      R11
0x033C	0x3004      	MOVLW      4
0x033D	0x00FC      	MOVWF      R12
0x033E	0x30BA      	MOVLW      186
0x033F	0x00FD      	MOVWF      R13
L_main41:
0x0340	0x0BFD      	DECFSZ     R13, 1
0x0341	0x2B40      	GOTO       L_main41
0x0342	0x0BFC      	DECFSZ     R12, 1
0x0343	0x2B40      	GOTO       L_main41
0x0344	0x0BFB      	DECFSZ     R11, 1
0x0345	0x2B40      	GOTO       L_main41
0x0346	0x0000      	NOP
;Giroflex2020.c,457 :: 		s1 = 1;
0x0347	0x1505      	BSF        RA2_bit, BitPos(RA2_bit+0)
;Giroflex2020.c,458 :: 		s2 = 1;
0x0348	0x1585      	BSF        RA3_bit, BitPos(RA3_bit+0)
;Giroflex2020.c,459 :: 		s3 = 0;
0x0349	0x1205      	BCF        RA4_bit, BitPos(RA4_bit+0)
;Giroflex2020.c,460 :: 		s4 = 0;
0x034A	0x1186      	BCF        RB3_bit, BitPos(RB3_bit+0)
;Giroflex2020.c,461 :: 		s5 = 0;
0x034B	0x1006      	BCF        RB0_bit, BitPos(RB0_bit+0)
;Giroflex2020.c,462 :: 		s6 = 0;
0x034C	0x1086      	BCF        RB1_bit, BitPos(RB1_bit+0)
;Giroflex2020.c,463 :: 		s7 = 0;
0x034D	0x1306      	BCF        RB6_bit, BitPos(RB6_bit+0)
;Giroflex2020.c,464 :: 		s8 = 0;
0x034E	0x1386      	BCF        RB7_bit, BitPos(RB7_bit+0)
;Giroflex2020.c,465 :: 		s9 = 0;
0x034F	0x1305      	BCF        RA6_bit, BitPos(RA6_bit+0)
;Giroflex2020.c,466 :: 		s10 = 0;
0x0350	0x1385      	BCF        RA7_bit, BitPos(RA7_bit+0)
;Giroflex2020.c,467 :: 		s11 = 0;
0x0351	0x1005      	BCF        RA0_bit, BitPos(RA0_bit+0)
;Giroflex2020.c,468 :: 		s12 = 0;
0x0352	0x1085      	BCF        RA1_bit, BitPos(RA1_bit+0)
;Giroflex2020.c,469 :: 		delay_ms(200);
0x0353	0x3002      	MOVLW      2
0x0354	0x00FB      	MOVWF      R11
0x0355	0x3004      	MOVLW      4
0x0356	0x00FC      	MOVWF      R12
0x0357	0x30BA      	MOVLW      186
0x0358	0x00FD      	MOVWF      R13
L_main42:
0x0359	0x0BFD      	DECFSZ     R13, 1
0x035A	0x2B59      	GOTO       L_main42
0x035B	0x0BFC      	DECFSZ     R12, 1
0x035C	0x2B59      	GOTO       L_main42
0x035D	0x0BFB      	DECFSZ     R11, 1
0x035E	0x2B59      	GOTO       L_main42
0x035F	0x0000      	NOP
;Giroflex2020.c,470 :: 		s1 = 1;
0x0360	0x1505      	BSF        RA2_bit, BitPos(RA2_bit+0)
;Giroflex2020.c,471 :: 		s2 = 0;
0x0361	0x1185      	BCF        RA3_bit, BitPos(RA3_bit+0)
;Giroflex2020.c,472 :: 		s3 = 0;
0x0362	0x1205      	BCF        RA4_bit, BitPos(RA4_bit+0)
;Giroflex2020.c,473 :: 		s4 = 0;
0x0363	0x1186      	BCF        RB3_bit, BitPos(RB3_bit+0)
;Giroflex2020.c,474 :: 		s5 = 0;
0x0364	0x1006      	BCF        RB0_bit, BitPos(RB0_bit+0)
;Giroflex2020.c,475 :: 		s6 = 0;
0x0365	0x1086      	BCF        RB1_bit, BitPos(RB1_bit+0)
;Giroflex2020.c,476 :: 		s7 = 0;
0x0366	0x1306      	BCF        RB6_bit, BitPos(RB6_bit+0)
;Giroflex2020.c,477 :: 		s8 = 0;
0x0367	0x1386      	BCF        RB7_bit, BitPos(RB7_bit+0)
;Giroflex2020.c,478 :: 		s9 = 0;
0x0368	0x1305      	BCF        RA6_bit, BitPos(RA6_bit+0)
;Giroflex2020.c,479 :: 		s10 = 0;
0x0369	0x1385      	BCF        RA7_bit, BitPos(RA7_bit+0)
;Giroflex2020.c,480 :: 		s11 = 0;
0x036A	0x1005      	BCF        RA0_bit, BitPos(RA0_bit+0)
;Giroflex2020.c,481 :: 		s12 = 0;
0x036B	0x1085      	BCF        RA1_bit, BitPos(RA1_bit+0)
;Giroflex2020.c,482 :: 		delay_ms(200);
0x036C	0x3002      	MOVLW      2
0x036D	0x00FB      	MOVWF      R11
0x036E	0x3004      	MOVLW      4
0x036F	0x00FC      	MOVWF      R12
0x0370	0x30BA      	MOVLW      186
0x0371	0x00FD      	MOVWF      R13
L_main43:
0x0372	0x0BFD      	DECFSZ     R13, 1
0x0373	0x2B72      	GOTO       L_main43
0x0374	0x0BFC      	DECFSZ     R12, 1
0x0375	0x2B72      	GOTO       L_main43
0x0376	0x0BFB      	DECFSZ     R11, 1
0x0377	0x2B72      	GOTO       L_main43
0x0378	0x0000      	NOP
;Giroflex2020.c,484 :: 		}//end if
L_main13:
;Giroflex2020.c,486 :: 		if (efeitoemer == 0){
0x0379	0x1A86      	BTFSC      RB5_bit, BitPos(RB5_bit+0)
0x037A	0x2BED      	GOTO       L_main44
;Giroflex2020.c,487 :: 		for(a = 0;a < 3;a++){
0x037B	0x01A0      	CLRF       _a
0x037C	0x01A1      	CLRF       _a+1
L_main45:
0x037D	0x3080      	MOVLW      128
0x037E	0x0621      	XORWF      _a+1, 0
0x037F	0x00F0      	MOVWF      R0
0x0380	0x3080      	MOVLW      128
0x0381	0x0270      	SUBWF      R0, 0
0x0382	0x1D03      	BTFSS      STATUS, 2
0x0383	0x2B86      	GOTO       L__main58
0x0384	0x3003      	MOVLW      3
0x0385	0x0220      	SUBWF      _a, 0
L__main58:
0x0386	0x1803      	BTFSC      STATUS, 0
0x0387	0x2BB4      	GOTO       L_main46
;Giroflex2020.c,488 :: 		s1 = 1;
0x0388	0x1505      	BSF        RA2_bit, BitPos(RA2_bit+0)
;Giroflex2020.c,489 :: 		s2 = 0;
0x0389	0x1185      	BCF        RA3_bit, BitPos(RA3_bit+0)
;Giroflex2020.c,490 :: 		s3 = 1;
0x038A	0x1605      	BSF        RA4_bit, BitPos(RA4_bit+0)
;Giroflex2020.c,491 :: 		s4 = 0;
0x038B	0x1186      	BCF        RB3_bit, BitPos(RB3_bit+0)
;Giroflex2020.c,492 :: 		s5 = 1;
0x038C	0x1406      	BSF        RB0_bit, BitPos(RB0_bit+0)
;Giroflex2020.c,493 :: 		s6 = 0;
0x038D	0x1086      	BCF        RB1_bit, BitPos(RB1_bit+0)
;Giroflex2020.c,494 :: 		s7 = 0;
0x038E	0x1306      	BCF        RB6_bit, BitPos(RB6_bit+0)
;Giroflex2020.c,495 :: 		s8 = 1;
0x038F	0x1786      	BSF        RB7_bit, BitPos(RB7_bit+0)
;Giroflex2020.c,496 :: 		s9 = 0;
0x0390	0x1305      	BCF        RA6_bit, BitPos(RA6_bit+0)
;Giroflex2020.c,497 :: 		s10 = 1;
0x0391	0x1785      	BSF        RA7_bit, BitPos(RA7_bit+0)
;Giroflex2020.c,498 :: 		s11 = 0;
0x0392	0x1005      	BCF        RA0_bit, BitPos(RA0_bit+0)
;Giroflex2020.c,499 :: 		s12 = 1;
0x0393	0x1485      	BSF        RA1_bit, BitPos(RA1_bit+0)
;Giroflex2020.c,500 :: 		delay_ms(30);
0x0394	0x3027      	MOVLW      39
0x0395	0x00FC      	MOVWF      R12
0x0396	0x30F5      	MOVLW      245
0x0397	0x00FD      	MOVWF      R13
L_main48:
0x0398	0x0BFD      	DECFSZ     R13, 1
0x0399	0x2B98      	GOTO       L_main48
0x039A	0x0BFC      	DECFSZ     R12, 1
0x039B	0x2B98      	GOTO       L_main48
;Giroflex2020.c,501 :: 		s1 = 0;
0x039C	0x1105      	BCF        RA2_bit, BitPos(RA2_bit+0)
;Giroflex2020.c,502 :: 		s2 = 0;
0x039D	0x1185      	BCF        RA3_bit, BitPos(RA3_bit+0)
;Giroflex2020.c,503 :: 		s3 = 0;
0x039E	0x1205      	BCF        RA4_bit, BitPos(RA4_bit+0)
;Giroflex2020.c,504 :: 		s4 = 0;
0x039F	0x1186      	BCF        RB3_bit, BitPos(RB3_bit+0)
;Giroflex2020.c,505 :: 		s5 = 0;
0x03A0	0x1006      	BCF        RB0_bit, BitPos(RB0_bit+0)
;Giroflex2020.c,506 :: 		s6 = 0;
0x03A1	0x1086      	BCF        RB1_bit, BitPos(RB1_bit+0)
;Giroflex2020.c,507 :: 		s7 = 0;
0x03A2	0x1306      	BCF        RB6_bit, BitPos(RB6_bit+0)
;Giroflex2020.c,508 :: 		s8 = 0;
0x03A3	0x1386      	BCF        RB7_bit, BitPos(RB7_bit+0)
;Giroflex2020.c,509 :: 		s9 = 0;
0x03A4	0x1305      	BCF        RA6_bit, BitPos(RA6_bit+0)
;Giroflex2020.c,510 :: 		s10 = 0;
0x03A5	0x1385      	BCF        RA7_bit, BitPos(RA7_bit+0)
;Giroflex2020.c,511 :: 		s11 = 0;
0x03A6	0x1005      	BCF        RA0_bit, BitPos(RA0_bit+0)
;Giroflex2020.c,512 :: 		s12 = 0;
0x03A7	0x1085      	BCF        RA1_bit, BitPos(RA1_bit+0)
;Giroflex2020.c,513 :: 		delay_ms(30);
0x03A8	0x3027      	MOVLW      39
0x03A9	0x00FC      	MOVWF      R12
0x03AA	0x30F5      	MOVLW      245
0x03AB	0x00FD      	MOVWF      R13
L_main49:
0x03AC	0x0BFD      	DECFSZ     R13, 1
0x03AD	0x2BAC      	GOTO       L_main49
0x03AE	0x0BFC      	DECFSZ     R12, 1
0x03AF	0x2BAC      	GOTO       L_main49
;Giroflex2020.c,487 :: 		for(a = 0;a < 3;a++){
0x03B0	0x0AA0      	INCF       _a, 1
0x03B1	0x1903      	BTFSC      STATUS, 2
0x03B2	0x0AA1      	INCF       _a+1, 1
;Giroflex2020.c,515 :: 		}//end for
0x03B3	0x2B7D      	GOTO       L_main45
L_main46:
;Giroflex2020.c,516 :: 		for(a = 0;a < 3;a++){
0x03B4	0x01A0      	CLRF       _a
0x03B5	0x01A1      	CLRF       _a+1
L_main50:
0x03B6	0x3080      	MOVLW      128
0x03B7	0x0621      	XORWF      _a+1, 0
0x03B8	0x00F0      	MOVWF      R0
0x03B9	0x3080      	MOVLW      128
0x03BA	0x0270      	SUBWF      R0, 0
0x03BB	0x1D03      	BTFSS      STATUS, 2
0x03BC	0x2BBF      	GOTO       L__main59
0x03BD	0x3003      	MOVLW      3
0x03BE	0x0220      	SUBWF      _a, 0
L__main59:
0x03BF	0x1803      	BTFSC      STATUS, 0
0x03C0	0x2BED      	GOTO       L_main51
;Giroflex2020.c,517 :: 		s1 = 0;
0x03C1	0x1105      	BCF        RA2_bit, BitPos(RA2_bit+0)
;Giroflex2020.c,518 :: 		s2 = 1;
0x03C2	0x1585      	BSF        RA3_bit, BitPos(RA3_bit+0)
;Giroflex2020.c,519 :: 		s3 = 0;
0x03C3	0x1205      	BCF        RA4_bit, BitPos(RA4_bit+0)
;Giroflex2020.c,520 :: 		s4 = 1;
0x03C4	0x1586      	BSF        RB3_bit, BitPos(RB3_bit+0)
;Giroflex2020.c,521 :: 		s5 = 0;
0x03C5	0x1006      	BCF        RB0_bit, BitPos(RB0_bit+0)
;Giroflex2020.c,522 :: 		s6 = 1;
0x03C6	0x1486      	BSF        RB1_bit, BitPos(RB1_bit+0)
;Giroflex2020.c,523 :: 		s7 = 1;
0x03C7	0x1706      	BSF        RB6_bit, BitPos(RB6_bit+0)
;Giroflex2020.c,524 :: 		s8 = 0;
0x03C8	0x1386      	BCF        RB7_bit, BitPos(RB7_bit+0)
;Giroflex2020.c,525 :: 		s9 = 1;
0x03C9	0x1705      	BSF        RA6_bit, BitPos(RA6_bit+0)
;Giroflex2020.c,526 :: 		s10 = 0;
0x03CA	0x1385      	BCF        RA7_bit, BitPos(RA7_bit+0)
;Giroflex2020.c,527 :: 		s11 = 1;
0x03CB	0x1405      	BSF        RA0_bit, BitPos(RA0_bit+0)
;Giroflex2020.c,528 :: 		s12 = 0;
0x03CC	0x1085      	BCF        RA1_bit, BitPos(RA1_bit+0)
;Giroflex2020.c,529 :: 		delay_ms(30);
0x03CD	0x3027      	MOVLW      39
0x03CE	0x00FC      	MOVWF      R12
0x03CF	0x30F5      	MOVLW      245
0x03D0	0x00FD      	MOVWF      R13
L_main53:
0x03D1	0x0BFD      	DECFSZ     R13, 1
0x03D2	0x2BD1      	GOTO       L_main53
0x03D3	0x0BFC      	DECFSZ     R12, 1
0x03D4	0x2BD1      	GOTO       L_main53
;Giroflex2020.c,530 :: 		s1 = 0;
0x03D5	0x1105      	BCF        RA2_bit, BitPos(RA2_bit+0)
;Giroflex2020.c,531 :: 		s2 = 0;
0x03D6	0x1185      	BCF        RA3_bit, BitPos(RA3_bit+0)
;Giroflex2020.c,532 :: 		s3 = 0;
0x03D7	0x1205      	BCF        RA4_bit, BitPos(RA4_bit+0)
;Giroflex2020.c,533 :: 		s4 = 0;
0x03D8	0x1186      	BCF        RB3_bit, BitPos(RB3_bit+0)
;Giroflex2020.c,534 :: 		s5 = 0;
0x03D9	0x1006      	BCF        RB0_bit, BitPos(RB0_bit+0)
;Giroflex2020.c,535 :: 		s6 = 0;
0x03DA	0x1086      	BCF        RB1_bit, BitPos(RB1_bit+0)
;Giroflex2020.c,536 :: 		s7 = 0;
0x03DB	0x1306      	BCF        RB6_bit, BitPos(RB6_bit+0)
;Giroflex2020.c,537 :: 		s8 = 0;
0x03DC	0x1386      	BCF        RB7_bit, BitPos(RB7_bit+0)
;Giroflex2020.c,538 :: 		s9 = 0;
0x03DD	0x1305      	BCF        RA6_bit, BitPos(RA6_bit+0)
;Giroflex2020.c,539 :: 		s10 = 0;
0x03DE	0x1385      	BCF        RA7_bit, BitPos(RA7_bit+0)
;Giroflex2020.c,540 :: 		s11 = 0;
0x03DF	0x1005      	BCF        RA0_bit, BitPos(RA0_bit+0)
;Giroflex2020.c,541 :: 		s12 = 0;
0x03E0	0x1085      	BCF        RA1_bit, BitPos(RA1_bit+0)
;Giroflex2020.c,542 :: 		delay_ms(30);
0x03E1	0x3027      	MOVLW      39
0x03E2	0x00FC      	MOVWF      R12
0x03E3	0x30F5      	MOVLW      245
0x03E4	0x00FD      	MOVWF      R13
L_main54:
0x03E5	0x0BFD      	DECFSZ     R13, 1
0x03E6	0x2BE5      	GOTO       L_main54
0x03E7	0x0BFC      	DECFSZ     R12, 1
0x03E8	0x2BE5      	GOTO       L_main54
;Giroflex2020.c,516 :: 		for(a = 0;a < 3;a++){
0x03E9	0x0AA0      	INCF       _a, 1
0x03EA	0x1903      	BTFSC      STATUS, 2
0x03EB	0x0AA1      	INCF       _a+1, 1
;Giroflex2020.c,544 :: 		}//end for
0x03EC	0x2BB6      	GOTO       L_main50
L_main51:
;Giroflex2020.c,545 :: 		}//end if
L_main44:
;Giroflex2020.c,546 :: 		}//end while
0x03ED	0x280F      	GOTO       L_main0
;Giroflex2020.c,548 :: 		}//end  main
L_end_main:
0x03EE	0x2BEE      	GOTO       $+0
; end of _main
Symbol List:
//** Routines locations **
//ADDRESS    SIZE    PROCEDURE
//----------------------------------------------
0x0003    [1004]    _main
//** Variables locations ** 
//ADDRESS    SIZE    VARIABLE
//----------------------------------------------
0x0000       [1]    INDF
0x0003       [1]    STATUS
0x0004       [1]    FSR
0x0005       [0]    RA2_bit
0x0005       [0]    RA5_bit
0x0005       [0]    RA4_bit
0x0005       [0]    RA3_bit
0x0005       [0]    RA6_bit
0x0005       [0]    RA7_bit
0x0005       [0]    RA1_bit
0x0005       [0]    RA0_bit
0x0005       [1]    PORTA
0x0006       [0]    RB6_bit
0x0006       [0]    RB5_bit
0x0006       [0]    RB7_bit
0x0006       [1]    PORTB
0x0006       [0]    RB0_bit
0x0006       [0]    RB2_bit
0x0006       [0]    RB1_bit
0x0006       [0]    RB3_bit
0x000A       [1]    PCLATH
0x001F       [1]    CMCON
0x0020       [2]    _a
0x0022       [2]    ___DoICPAddr
0x0070       [1]    R0
0x0071       [1]    R1
0x0072       [1]    R2
0x0073       [1]    R3
0x0074       [1]    R4
0x0075       [1]    R5
0x0076       [1]    R6
0x0077       [1]    R7
0x0078       [1]    R8
0x0079       [1]    R9
0x007A       [1]    R10
0x007B       [1]    R11
0x007C       [1]    R12
0x007D       [1]    R13
0x007E       [1]    R14
0x007F       [1]    R15
0x0085       [1]    TRISA
0x0086       [1]    TRISB
